<?xml version="1.0" encoding="UTF-8"?>
<!-- Generated by org.testng.reporters.JUnitXMLReporter -->
<testsuite hostname="ConsLeague-PC11" ignored="0" name="Default test" tests="2" failures="0" timestamp="18 Dec 2017 05:47:57 GMT" time="167.996" errors="0">
  <testcase name="EmpsSetup_ForMonthlyTaxRate" time="97.515" classname="com.test.xcdhr.Salesforce_Core_Framework1.hrms_payroll.IncomeTax_TCWeek9_204045VariablePayANDWeekly50RL.GeneralTaxRateWeekly"/>
  <testcase name="EmpsSetup_WithAnnualSalary" time="48.902" classname="com.test.xcdhr.Salesforce_Core_Framework1.hrms_payroll.IncomeTax_TCWeek9_204045VariablePayANDWeekly50RL.GeneralTaxRateWeekly"/>
</testsuite> <!-- Default test -->
