<?xml version="1.0" encoding="UTF-8"?>
<!-- Generated by org.testng.reporters.JUnitXMLReporter -->
<testsuite hostname="ConsLeague-PC11" ignored="0" name="Default test" tests="1" failures="0" timestamp="31 Aug 2017 10:46:03 GMT" time="128.794" errors="0">
  <testcase name="EmpsPayroll_Setup_ForIncomeTax" time="117.96" classname="com.test.xcdhr.Salesforce_Core_Framework1.hrms_payroll.hrms_payroll.NI_hrms_payroll.NI_DirectorAsEmployeeMonth1.TestReportsApril"/>
</testsuite> <!-- Default test -->
