<?xml version="1.0" encoding="UTF-8"?>
<!-- Generated by org.testng.reporters.JUnitXMLReporter -->
<testsuite hostname="XCDHR_2010" ignored="0" name="Default test" tests="2" failures="0" timestamp="15 May 2018 06:58:31 GMT" time="425.153" errors="0">
  <testcase name="toSelectOrgForPerformingAutomationTests" time="339.344" classname="com.test.xcdhr.Salesforce_Core_Framework1.hrms_payrol.StudentLoanAndCourtOrderScenario1.TestReportForNovPayroll"/>
  <testcase name="toSearchAndProcessReport" time="83.143" classname="com.test.xcdhr.Salesforce_Core_Framework1.hrms_payrol.StudentLoanAndCourtOrderScenario1.TestReportForNovPayroll"/>
</testsuite> <!-- Default test -->
