<?xml version="1.0" encoding="UTF-8"?>
<!-- Generated by org.testng.reporters.JUnitXMLReporter -->
<testsuite hostname="XCDHR_2010" ignored="0" name="Default test" tests="3" failures="1" timestamp="04 May 2018 13:15:13 GMT" time="2.01" errors="0">
  <testcase name="@AfterTest toReportTestResult" time="0.0" classname="com.testcase.xcdhr.Salaesforce_Core_Framework1.hrms_payroll.TestCourtOrderAEO1971civildebt_Scenario.TestCourtOrderAEO1971civildebt">
    <failure type="java.lang.NullPointerException">
      <![CDATA[java.lang.NullPointerException
	at com.test.xcdhr.Salesforce_Core_Framework1.testBase.TestBase.closeBrowser(TestBase.java:1140)
	at com.testcase.xcdhr.Salaesforce_Core_Framework1.hrms_payroll.TestCourtOrderAEO1971civildebt_Scenario.TestCourtOrderAEO1971civildebt.toReportTestResult(TestCourtOrderAEO1971civildebt.java:158)
	at sun.reflect.NativeMethodAccessorImpl.invoke0(Native Method)
	at sun.reflect.NativeMethodAccessorImpl.invoke(Unknown Source)
	at sun.reflect.DelegatingMethodAccessorImpl.invoke(Unknown Source)
	at java.lang.reflect.Method.invoke(Unknown Source)
	at org.testng.internal.MethodInvocationHelper.invokeMethod(MethodInvocationHelper.java:104)
	at org.testng.internal.Invoker.invokeConfigurationMethod(Invoker.java:515)
	at org.testng.internal.Invoker.invokeConfigurations(Invoker.java:217)
	at org.testng.internal.Invoker.invokeConfigurations(Invoker.java:144)
	at org.testng.TestRunner.afterRun(TestRunner.java:983)
	at org.testng.TestRunner.run(TestRunner.java:614)
	at org.testng.SuiteRunner.runTest(SuiteRunner.java:387)
	at org.testng.SuiteRunner.runSequentially(SuiteRunner.java:382)
	at org.testng.SuiteRunner.privateRun(SuiteRunner.java:340)
	at org.testng.SuiteRunner.run(SuiteRunner.java:289)
	at org.testng.SuiteRunnerWorker.runSuite(SuiteRunnerWorker.java:52)
	at org.testng.SuiteRunnerWorker.run(SuiteRunnerWorker.java:86)
	at org.testng.TestNG.runSuitesSequentially(TestNG.java:1293)
	at org.testng.TestNG.runSuitesLocally(TestNG.java:1218)
	at org.testng.TestNG.runSuites(TestNG.java:1133)
	at org.testng.TestNG.run(TestNG.java:1104)
	at org.testng.remote.AbstractRemoteTestNG.run(AbstractRemoteTestNG.java:132)
	at org.testng.remote.RemoteTestNG.initAndRun(RemoteTestNG.java:230)
	at org.testng.remote.RemoteTestNG.main(RemoteTestNG.java:76)
]]>
    </failure>
  </testcase> <!-- @AfterTest toReportTestResult -->
  <testcase name="toSelectOrgForPerformingAutomationTests" time="0.016" classname="com.testcase.xcdhr.Salaesforce_Core_Framework1.hrms_payroll.TestCourtOrderAEO1971civildebt_Scenario.TestCourtOrderAEO1971civildebt">
    <failure type="org.testng.internal.reflect.MethodMatcherException" message="
Data provider mismatch
Method: toSelectOrgForPerformingAutomationTests([Parameter{index=0, type=java.lang.String, declaredAnnotations=[]}, Parameter{index=1, type=java.lang.String, declaredAnnotations=[]}, Parameter{index=2, type=java.lang.String, declaredAnnotations=[]}, Parameter{index=3, type=java.lang.String, declaredAnnotations=[]}])
Arguments: [(java.lang.String)DO NOT TOUCH AUTOMATION EMP 108,(java.lang.String)A  All other employees,(java.lang.String)12000.0,(java.lang.String)Monthly,(java.lang.String)DONT TOUCH AUTO COURTORDERS EMPLOYER,(java.lang.String)COURTORDERS_Payroll,(java.lang.String)September-2018,(java.lang.String)Payroll Suite CourtOrder AEO1971civildebt201819.xlsx,(java.lang.String),(java.lang.String)Need to create the Report in the framework itself,(java.lang.String)2,(java.lang.String)Current pay run,(java.lang.String)]">
      <![CDATA[org.testng.internal.reflect.MethodMatcherException: 
Data provider mismatch
Method: toSelectOrgForPerformingAutomationTests([Parameter{index=0, type=java.lang.String, declaredAnnotations=[]}, Parameter{index=1, type=java.lang.String, declaredAnnotations=[]}, Parameter{index=2, type=java.lang.String, declaredAnnotations=[]}, Parameter{index=3, type=java.lang.String, declaredAnnotations=[]}])
Arguments: [(java.lang.String)DO NOT TOUCH AUTOMATION EMP 108,(java.lang.String)A  All other employees,(java.lang.String)12000.0,(java.lang.String)Monthly,(java.lang.String)DONT TOUCH AUTO COURTORDERS EMPLOYER,(java.lang.String)COURTORDERS_Payroll,(java.lang.String)September-2018,(java.lang.String)Payroll Suite CourtOrder AEO1971civildebt201819.xlsx,(java.lang.String),(java.lang.String)Need to create the Report in the framework itself,(java.lang.String)2,(java.lang.String)Current pay run,(java.lang.String)]
	at org.testng.internal.reflect.DataProviderMethodMatcher.getConformingArguments(DataProviderMethodMatcher.java:52)
	at org.testng.internal.Invoker.injectParameters(Invoker.java:1278)
	at org.testng.internal.Invoker.invokeTestMethods(Invoker.java:1171)
	at org.testng.internal.TestMethodWorker.invokeTestMethods(TestMethodWorker.java:129)
	at org.testng.internal.TestMethodWorker.run(TestMethodWorker.java:112)
	at org.testng.TestRunner.privateRun(TestRunner.java:756)
	at org.testng.TestRunner.run(TestRunner.java:610)
	at org.testng.SuiteRunner.runTest(SuiteRunner.java:387)
	at org.testng.SuiteRunner.runSequentially(SuiteRunner.java:382)
	at org.testng.SuiteRunner.privateRun(SuiteRunner.java:340)
	at org.testng.SuiteRunner.run(SuiteRunner.java:289)
	at org.testng.SuiteRunnerWorker.runSuite(SuiteRunnerWorker.java:52)
	at org.testng.SuiteRunnerWorker.run(SuiteRunnerWorker.java:86)
	at org.testng.TestNG.runSuitesSequentially(TestNG.java:1293)
	at org.testng.TestNG.runSuitesLocally(TestNG.java:1218)
	at org.testng.TestNG.runSuites(TestNG.java:1133)
	at org.testng.TestNG.run(TestNG.java:1104)
	at org.testng.remote.AbstractRemoteTestNG.run(AbstractRemoteTestNG.java:132)
	at org.testng.remote.RemoteTestNG.initAndRun(RemoteTestNG.java:230)
	at org.testng.remote.RemoteTestNG.main(RemoteTestNG.java:76)
]]>
    </failure>
  </testcase> <!-- toSelectOrgForPerformingAutomationTests -->
  <testcase name="toSetEmployeesNICategory" time="0.0" classname="com.testcase.xcdhr.Salaesforce_Core_Framework1.hrms_payroll.TestCourtOrderAEO1971civildebt_Scenario.TestCourtOrderAEO1971civildebt">
    <skipped/>
  </testcase> <!-- toSetEmployeesNICategory -->
  <testcase name="setEmployeesAnnualSalaryAndPayfrequency" time="0.0" classname="com.testcase.xcdhr.Salaesforce_Core_Framework1.hrms_payroll.TestCourtOrderAEO1971civildebt_Scenario.TestCourtOrderAEO1971civildebt">
    <skipped/>
  </testcase> <!-- setEmployeesAnnualSalaryAndPayfrequency -->
</testsuite> <!-- Default test -->
