<?xml version="1.0" encoding="UTF-8"?>
<!-- Generated by org.testng.reporters.JUnitXMLReporter -->
<testsuite hostname="XCDHR_2010" ignored="0" name="Default test" tests="2" failures="0" timestamp="09 May 2018 09:41:06 GMT" time="107.08" errors="0">
  <testcase name="toSelectOrgForPerformingAutomationTests" time="41.334" classname="com.test.xcdhr.Salesforce_Core_Framework1.hrms_payrol.StudentLoanAndCourtOrderScenario1.TestReports"/>
  <testcase name="toSearchAndProcessReport" time="63.791" classname="com.test.xcdhr.Salesforce_Core_Framework1.hrms_payrol.StudentLoanAndCourtOrderScenario1.TestReports"/>
</testsuite> <!-- Default test -->
