<?xml version="1.0" encoding="UTF-8"?>
<!-- Generated by org.testng.reporters.JUnitXMLReporter -->
<testsuite hostname="ConsLeague-PC11" ignored="0" name="Default test" tests="5" failures="0" timestamp="23 Nov 2017 12:31:13 GMT" time="778.141" errors="0">
  <testcase name="EmpsPayroll_Setup_ForIncomeTax" time="614.69" classname="com.test.xcdhr.Salesforce_Core_Framework1.hrms_payroll.IncomeTax_TCMnth1_204045VarblePayAnd50RL.ProcessPayrollForMonthlyTax"/>
  <testcase name="EmpsPayroll_Setup_ForIncomeTax" time="0.668" classname="com.test.xcdhr.Salesforce_Core_Framework1.hrms_payroll.IncomeTax_TCMnth1_204045VarblePayAnd50RL.ProcessPayrollForMonthlyTax"/>
  <testcase name="EmpsPayroll_Setup_ForIncomeTax" time="0.608" classname="com.test.xcdhr.Salesforce_Core_Framework1.hrms_payroll.IncomeTax_TCMnth1_204045VarblePayAnd50RL.ProcessPayrollForMonthlyTax"/>
  <testcase name="EmpsPayroll_Setup_ForIncomeTax" time="0.607" classname="com.test.xcdhr.Salesforce_Core_Framework1.hrms_payroll.IncomeTax_TCMnth1_204045VarblePayAnd50RL.ProcessPayrollForMonthlyTax"/>
  <testcase name="EmpsPayroll_Setup_ForIncomeTax" time="104.154" classname="com.test.xcdhr.Salesforce_Core_Framework1.hrms_payroll.IncomeTax_TCMnth1_204045VarblePayAnd50RL.ProcessPayrollForMonthlyTax"/>
</testsuite> <!-- Default test -->
