<?xml version="1.0" encoding="UTF-8"?>
<!-- Generated by org.testng.reporters.JUnitXMLReporter -->
<testsuite hostname="XCDHR_2010" ignored="0" name="Default test" tests="3" failures="0" timestamp="25 May 2018 06:46:34 GMT" time="158.503" errors="0">
  <testcase name="toSelectOrgForPerformingAutomationTests" time="35.577" classname="com.test.xcdhr.Salesforce_Core_Framework1.hrms_payrol.StudentLoanAndCourtOrderScenario5.PAEO1971FineReports"/>
  <testcase name="toProcessOctPayrollReport" time="64.446" classname="com.test.xcdhr.Salesforce_Core_Framework1.hrms_payrol.StudentLoanAndCourtOrderScenario5.PAEO1971FineReports"/>
  <testcase name="toProcessNovPayrollReport" time="55.96" classname="com.test.xcdhr.Salesforce_Core_Framework1.hrms_payrol.StudentLoanAndCourtOrderScenario5.PAEO1971FineReports"/>
</testsuite> <!-- Default test -->
