<?xml version="1.0" encoding="UTF-8"?>
<!-- Generated by org.testng.reporters.JUnitXMLReporter -->
<testsuite hostname="ConsLeague-PC11" ignored="0" name="Default test" tests="14" failures="0" timestamp="17 Nov 2017 04:31:32 GMT" time="536.911" errors="0">
  <testcase name="EmpsSetup_WithNICategory" time="77.202" classname="com.test.xcdhr.Salesforce_Core_Framework1.hrms_payroll.NI_weeklyCatZ.NIWeeklyCat_Z"/>
  <testcase name="EmpsSetup_WithNICategory" time="22.953" classname="com.test.xcdhr.Salesforce_Core_Framework1.hrms_payroll.NI_weeklyCatZ.NIWeeklyCat_Z"/>
  <testcase name="EmpsSetup_WithNICategory" time="22.849" classname="com.test.xcdhr.Salesforce_Core_Framework1.hrms_payroll.NI_weeklyCatZ.NIWeeklyCat_Z"/>
  <testcase name="EmpsSetup_WithNICategory" time="23.017" classname="com.test.xcdhr.Salesforce_Core_Framework1.hrms_payroll.NI_weeklyCatZ.NIWeeklyCat_Z"/>
  <testcase name="EmpsSetup_WithNICategory" time="22.765" classname="com.test.xcdhr.Salesforce_Core_Framework1.hrms_payroll.NI_weeklyCatZ.NIWeeklyCat_Z"/>
  <testcase name="EmpsSetup_WithNICategory" time="22.937" classname="com.test.xcdhr.Salesforce_Core_Framework1.hrms_payroll.NI_weeklyCatZ.NIWeeklyCat_Z"/>
  <testcase name="EmpsSetup_WithNICategory" time="22.978" classname="com.test.xcdhr.Salesforce_Core_Framework1.hrms_payroll.NI_weeklyCatZ.NIWeeklyCat_Z"/>
  <testcase name="EmpsSetup_WithAnnualSalary" time="91.251" classname="com.test.xcdhr.Salesforce_Core_Framework1.hrms_payroll.NI_weeklyCatZ.NIWeeklyCat_Z"/>
  <testcase name="EmpsSetup_WithAnnualSalary" time="30.377" classname="com.test.xcdhr.Salesforce_Core_Framework1.hrms_payroll.NI_weeklyCatZ.NIWeeklyCat_Z"/>
  <testcase name="EmpsSetup_WithAnnualSalary" time="30.418" classname="com.test.xcdhr.Salesforce_Core_Framework1.hrms_payroll.NI_weeklyCatZ.NIWeeklyCat_Z"/>
  <testcase name="EmpsSetup_WithAnnualSalary" time="30.515" classname="com.test.xcdhr.Salesforce_Core_Framework1.hrms_payroll.NI_weeklyCatZ.NIWeeklyCat_Z"/>
  <testcase name="EmpsSetup_WithAnnualSalary" time="30.45" classname="com.test.xcdhr.Salesforce_Core_Framework1.hrms_payroll.NI_weeklyCatZ.NIWeeklyCat_Z"/>
  <testcase name="EmpsSetup_WithAnnualSalary" time="30.561" classname="com.test.xcdhr.Salesforce_Core_Framework1.hrms_payroll.NI_weeklyCatZ.NIWeeklyCat_Z"/>
  <testcase name="EmpsSetup_WithAnnualSalary" time="30.517" classname="com.test.xcdhr.Salesforce_Core_Framework1.hrms_payroll.NI_weeklyCatZ.NIWeeklyCat_Z"/>
</testsuite> <!-- Default test -->
