<?xml version="1.0" encoding="UTF-8"?>
<!-- Generated by org.testng.reporters.JUnitXMLReporter -->
<testsuite hostname="XCDHR_2010" ignored="0" name="Default test" tests="3" failures="1" timestamp="05 Jun 2018 12:07:21 GMT" time="0.094" errors="0">
  <testcase name="@BeforeTest checkTestSkip" time="0.0" classname="com.test.xcdhr.Salesforce_Core_Framework1.hrms_payrol.StudentLoanAndCourtOrderScenario6.PAEO2003FineIReports">
    <failure type="java.lang.Exception" message="Testcase is being skippedPAEO2003FineIReportsas it&amp;apos;s Runmode is set to &amp;apos;NO&amp;apos;">
      <![CDATA[java.lang.Exception: Testcase is being skippedPAEO2003FineIReportsas it's Runmode is set to 'NO'
	at com.test.xcdhr.Salesforce_Core_Framework1.hrms_payrol.StudentLoanAndCourtOrderScenario6.PAEO2003FineIReports.checkTestSkip(PAEO2003FineIReports.java:40)
	at sun.reflect.NativeMethodAccessorImpl.invoke0(Native Method)
	at sun.reflect.NativeMethodAccessorImpl.invoke(Unknown Source)
	at sun.reflect.DelegatingMethodAccessorImpl.invoke(Unknown Source)
	at java.lang.reflect.Method.invoke(Unknown Source)
	at org.testng.internal.MethodInvocationHelper.invokeMethod(MethodInvocationHelper.java:104)
	at org.testng.internal.Invoker.invokeConfigurationMethod(Invoker.java:515)
	at org.testng.internal.Invoker.invokeConfigurations(Invoker.java:217)
	at org.testng.internal.Invoker.invokeConfigurations(Invoker.java:144)
	at org.testng.TestRunner.beforeRun(TestRunner.java:634)
	at org.testng.TestRunner.run(TestRunner.java:602)
	at org.testng.SuiteRunner.runTest(SuiteRunner.java:387)
	at org.testng.SuiteRunner.runSequentially(SuiteRunner.java:382)
	at org.testng.SuiteRunner.privateRun(SuiteRunner.java:340)
	at org.testng.SuiteRunner.run(SuiteRunner.java:289)
	at org.testng.SuiteRunnerWorker.runSuite(SuiteRunnerWorker.java:52)
	at org.testng.SuiteRunnerWorker.run(SuiteRunnerWorker.java:86)
	at org.testng.TestNG.runSuitesSequentially(TestNG.java:1293)
	at org.testng.TestNG.runSuitesLocally(TestNG.java:1218)
	at org.testng.TestNG.runSuites(TestNG.java:1133)
	at org.testng.TestNG.run(TestNG.java:1104)
	at org.testng.remote.AbstractRemoteTestNG.run(AbstractRemoteTestNG.java:132)
	at org.testng.remote.RemoteTestNG.initAndRun(RemoteTestNG.java:230)
	at org.testng.remote.RemoteTestNG.main(RemoteTestNG.java:76)
]]>
    </failure>
  </testcase> <!-- @BeforeTest checkTestSkip -->
  <testcase name="@AfterTest toReportTestResult" time="0.0" classname="com.test.xcdhr.Salesforce_Core_Framework1.hrms_payrol.StudentLoanAndCourtOrderScenario6.PAEO2003FineIReports">
    <skipped/>
  </testcase> <!-- @AfterTest toReportTestResult -->
  <testcase name="toSelectOrgForPerformingAutomationTests" time="0.015" classname="com.test.xcdhr.Salesforce_Core_Framework1.hrms_payrol.StudentLoanAndCourtOrderScenario6.PAEO2003FineIReports">
    <failure type="org.testng.internal.reflect.MethodMatcherException" message="
Data provider mismatch
Method: toSelectOrgForPerformingAutomationTests([Parameter{index=0, type=java.lang.String, declaredAnnotations=[]}, Parameter{index=1, type=java.lang.String, declaredAnnotations=[]}, Parameter{index=2, type=java.lang.String, declaredAnnotations=[]}, Parameter{index=3, type=java.lang.String, declaredAnnotations=[]}, Parameter{index=4, type=java.lang.String, declaredAnnotations=[]}, Parameter{index=5, type=java.lang.String, declaredAnnotations=[]}, Parameter{index=6, type=java.lang.String, declaredAnnotations=[]}, Parameter{index=7, type=java.lang.String, declaredAnnotations=[]}, Parameter{index=8, type=java.lang.String, declaredAnnotations=[]}, Parameter{index=9, type=java.lang.String, declaredAnnotations=[]}, Parameter{index=10, type=java.lang.String, declaredAnnotations=[]}, Parameter{index=11, type=java.lang.String, declaredAnnotations=[]}, Parameter{index=12, type=java.lang.String, declaredAnnotations=[]}, Parameter{index=13, type=java.lang.String, declaredAnnotations=[]}, Parameter{index=14, type=java.lang.String, declaredAnnotations=[]}, Parameter{index=15, type=java.lang.String, declaredAnnotations=[]}, Parameter{index=16, type=java.lang.String, declaredAnnotations=[]}, Parameter{index=17, type=java.lang.String, declaredAnnotations=[]}, Parameter{index=18, type=java.lang.String, declaredAnnotations=[]}, Parameter{index=19, type=java.lang.String, declaredAnnotations=[]}, Parameter{index=20, type=java.lang.String, declaredAnnotations=[]}, Parameter{index=21, type=java.lang.String, declaredAnnotations=[]}])
Arguments: [(java.lang.String)DO NOT TOUCH AUTOMATION EMP 113,(java.lang.String)C Employees over State pension age (attach passport/birth certificate),(java.lang.String)12000.0,(java.lang.String)Monthly,(java.lang.String)DONT TOUCH AUTO PAEO2003fine EMPLOYER,(java.lang.String)PAEO2003fine_Payroll,(java.lang.String),(java.lang.String)October-2018,(java.lang.String)November-2018,(java.lang.String)December-2018,(java.lang.String)Payroll Suite CourtOrder PAEO2003Fine201819.xlsx,(java.lang.String)DO NOT TOUCH AUTMN PAEO2003 REPORTS,(java.lang.String)DO NOT TOUCH AUTMN PAEO2003 REPORTS,(java.lang.String),(java.lang.String)1,(java.lang.String)Current pay run,(java.lang.String)5,(java.lang.String)3,(java.lang.String)4,(java.lang.String)5,(java.lang.String)12,(java.lang.String)13,(java.lang.String)14,(java.lang.String)21,(java.lang.String)22,(java.lang.String)23]">
      <![CDATA[org.testng.internal.reflect.MethodMatcherException: 
Data provider mismatch
Method: toSelectOrgForPerformingAutomationTests([Parameter{index=0, type=java.lang.String, declaredAnnotations=[]}, Parameter{index=1, type=java.lang.String, declaredAnnotations=[]}, Parameter{index=2, type=java.lang.String, declaredAnnotations=[]}, Parameter{index=3, type=java.lang.String, declaredAnnotations=[]}, Parameter{index=4, type=java.lang.String, declaredAnnotations=[]}, Parameter{index=5, type=java.lang.String, declaredAnnotations=[]}, Parameter{index=6, type=java.lang.String, declaredAnnotations=[]}, Parameter{index=7, type=java.lang.String, declaredAnnotations=[]}, Parameter{index=8, type=java.lang.String, declaredAnnotations=[]}, Parameter{index=9, type=java.lang.String, declaredAnnotations=[]}, Parameter{index=10, type=java.lang.String, declaredAnnotations=[]}, Parameter{index=11, type=java.lang.String, declaredAnnotations=[]}, Parameter{index=12, type=java.lang.String, declaredAnnotations=[]}, Parameter{index=13, type=java.lang.String, declaredAnnotations=[]}, Parameter{index=14, type=java.lang.String, declaredAnnotations=[]}, Parameter{index=15, type=java.lang.String, declaredAnnotations=[]}, Parameter{index=16, type=java.lang.String, declaredAnnotations=[]}, Parameter{index=17, type=java.lang.String, declaredAnnotations=[]}, Parameter{index=18, type=java.lang.String, declaredAnnotations=[]}, Parameter{index=19, type=java.lang.String, declaredAnnotations=[]}, Parameter{index=20, type=java.lang.String, declaredAnnotations=[]}, Parameter{index=21, type=java.lang.String, declaredAnnotations=[]}])
Arguments: [(java.lang.String)DO NOT TOUCH AUTOMATION EMP 113,(java.lang.String)C Employees over State pension age (attach passport/birth certificate),(java.lang.String)12000.0,(java.lang.String)Monthly,(java.lang.String)DONT TOUCH AUTO PAEO2003fine EMPLOYER,(java.lang.String)PAEO2003fine_Payroll,(java.lang.String),(java.lang.String)October-2018,(java.lang.String)November-2018,(java.lang.String)December-2018,(java.lang.String)Payroll Suite CourtOrder PAEO2003Fine201819.xlsx,(java.lang.String)DO NOT TOUCH AUTMN PAEO2003 REPORTS,(java.lang.String)DO NOT TOUCH AUTMN PAEO2003 REPORTS,(java.lang.String),(java.lang.String)1,(java.lang.String)Current pay run,(java.lang.String)5,(java.lang.String)3,(java.lang.String)4,(java.lang.String)5,(java.lang.String)12,(java.lang.String)13,(java.lang.String)14,(java.lang.String)21,(java.lang.String)22,(java.lang.String)23]
	at org.testng.internal.reflect.DataProviderMethodMatcher.getConformingArguments(DataProviderMethodMatcher.java:52)
	at org.testng.internal.Invoker.injectParameters(Invoker.java:1278)
	at org.testng.internal.Invoker.invokeTestMethods(Invoker.java:1171)
	at org.testng.internal.TestMethodWorker.invokeTestMethods(TestMethodWorker.java:129)
	at org.testng.internal.TestMethodWorker.run(TestMethodWorker.java:112)
	at org.testng.TestRunner.privateRun(TestRunner.java:756)
	at org.testng.TestRunner.run(TestRunner.java:610)
	at org.testng.SuiteRunner.runTest(SuiteRunner.java:387)
	at org.testng.SuiteRunner.runSequentially(SuiteRunner.java:382)
	at org.testng.SuiteRunner.privateRun(SuiteRunner.java:340)
	at org.testng.SuiteRunner.run(SuiteRunner.java:289)
	at org.testng.SuiteRunnerWorker.runSuite(SuiteRunnerWorker.java:52)
	at org.testng.SuiteRunnerWorker.run(SuiteRunnerWorker.java:86)
	at org.testng.TestNG.runSuitesSequentially(TestNG.java:1293)
	at org.testng.TestNG.runSuitesLocally(TestNG.java:1218)
	at org.testng.TestNG.runSuites(TestNG.java:1133)
	at org.testng.TestNG.run(TestNG.java:1104)
	at org.testng.remote.AbstractRemoteTestNG.run(AbstractRemoteTestNG.java:132)
	at org.testng.remote.RemoteTestNG.initAndRun(RemoteTestNG.java:230)
	at org.testng.remote.RemoteTestNG.main(RemoteTestNG.java:76)
]]>
    </failure>
  </testcase> <!-- toSelectOrgForPerformingAutomationTests -->
  <testcase name="ToProcessOctPayrollReport" time="0.0" classname="com.test.xcdhr.Salesforce_Core_Framework1.hrms_payrol.StudentLoanAndCourtOrderScenario6.PAEO2003FineIReports">
    <skipped/>
  </testcase> <!-- ToProcessOctPayrollReport -->
  <testcase name="toToProcessNovPayrollReport" time="0.0" classname="com.test.xcdhr.Salesforce_Core_Framework1.hrms_payrol.StudentLoanAndCourtOrderScenario6.PAEO2003FineIReports">
    <skipped/>
  </testcase> <!-- toToProcessNovPayrollReport -->
</testsuite> <!-- Default test -->
