<?xml version="1.0" encoding="UTF-8"?>
<!-- Generated by org.testng.reporters.JUnitXMLReporter -->
<testsuite hostname="XCDHR_2010" ignored="0" name="Default test" tests="2" failures="0" timestamp="09 May 2018 11:00:12 GMT" time="105.152" errors="0">
  <testcase name="toSelectOrgForPerformingAutomationTests" time="37.359" classname="com.test.xcdhr.Salesforce_Core_Framework1.hrms_payrol.StudentLoanAndCourtOrderScenario1.TestReportForOctPayroll"/>
  <testcase name="toSearchAndProcessReport" time="65.049" classname="com.test.xcdhr.Salesforce_Core_Framework1.hrms_payrol.StudentLoanAndCourtOrderScenario1.TestReportForOctPayroll"/>
</testsuite> <!-- Default test -->
