<?xml version="1.0" encoding="UTF-8"?>
<!-- Generated by org.testng.reporters.JUnitXMLReporter -->
<testsuite hostname="XCDHR_2010" ignored="0" name="Default test" tests="3" failures="0" timestamp="17 May 2018 09:50:49 GMT" time="153.273" errors="0">
  <testcase name="toSelectOrgForPerformingAutomationTests" time="33.28" classname="com.test.xcdhr.Salesforce_Core_Framework1.hrms_payrol.StudentLoanAndCourtOrderScenario1.TCOAEO1971civildebtScenario"/>
  <testcase name="toToProcessOctPayrollReport" time="59.949" classname="com.test.xcdhr.Salesforce_Core_Framework1.hrms_payrol.StudentLoanAndCourtOrderScenario1.TCOAEO1971civildebtScenario"/>
  <testcase name="toToProcessNovPayrollReport" time="57.99" classname="com.test.xcdhr.Salesforce_Core_Framework1.hrms_payrol.StudentLoanAndCourtOrderScenario1.TCOAEO1971civildebtScenario"/>
</testsuite> <!-- Default test -->
