<?xml version="1.0" encoding="UTF-8"?>
<!-- Generated by org.testng.reporters.JUnitXMLReporter -->
<testsuite hostname="XCDHR_2010" ignored="0" name="Default test" tests="5" failures="0" timestamp="05 Jun 2018 09:24:09 GMT" time="286.909" errors="0">
  <testcase name="toSelectOrgForPerformingAutomationTests" time="49.887" classname="com.test.xcdhr.Salesforce_Core_Framework1.hrms_payrol.StudentLoanAndCourtOrderScenario5.PAEO1971FineReports"/>
  <testcase name="toProcessOctPayrollReport" time="63.017" classname="com.test.xcdhr.Salesforce_Core_Framework1.hrms_payrol.StudentLoanAndCourtOrderScenario5.PAEO1971FineReports"/>
  <testcase name="toProcessNovPayrollReport" time="57.297" classname="com.test.xcdhr.Salesforce_Core_Framework1.hrms_payrol.StudentLoanAndCourtOrderScenario5.PAEO1971FineReports"/>
  <testcase name="toToProcessDecPayrollReport" time="57.577" classname="com.test.xcdhr.Salesforce_Core_Framework1.hrms_payrol.StudentLoanAndCourtOrderScenario5.PAEO1971FineReports"/>
  <testcase name="toToProcessJanPayrollReport" time="53.544" classname="com.test.xcdhr.Salesforce_Core_Framework1.hrms_payrol.StudentLoanAndCourtOrderScenario5.PAEO1971FineReports"/>
</testsuite> <!-- Default test -->
