<?xml version="1.0" encoding="UTF-8"?>
<!-- Generated by org.testng.reporters.JUnitXMLReporter -->
<testsuite hostname="XCDHR_2010" ignored="0" name="Default test" tests="2" failures="0" timestamp="02 Apr 2018 11:59:11 GMT" time="109.228" errors="0">
  <testcase name="EmpsSetup_ForMonthlyTaxRate" time="69.581" classname="com.test.xcdhr.Salesforce_Core_Framework1.hrms_payroll.hrms_Payroll_SAP_Statutory_Scenario.UpdateTaxCodeAndAnnualSalary"/>
  <testcase name="EmpsSetup_WithAnnualSalary" time="33.894" classname="com.test.xcdhr.Salesforce_Core_Framework1.hrms_payroll.hrms_Payroll_SAP_Statutory_Scenario.UpdateTaxCodeAndAnnualSalary"/>
</testsuite> <!-- Default test -->
