<?xml version="1.0" encoding="UTF-8"?>
<!-- Generated by org.testng.reporters.JUnitXMLReporter -->
<testsuite hostname="ConsLeague-PC11" ignored="0" name="Default test" tests="2" failures="0" timestamp="21 Nov 2017 11:07:14 GMT" time="268.159" errors="0">
  <testcase name="EmpsSetup_WithNICategory" time="183.284" classname="com.test.xcdhr.Salesforce_Core_Framework1.hrms_payroll.Payroll_Suite_NIDirector_Under21_Month1.NIDirector_Under21Month1"/>
  <testcase name="EmpsSetup_WithAnnualSalary" time="62.289" classname="com.test.xcdhr.Salesforce_Core_Framework1.hrms_payroll.Payroll_Suite_NIDirector_Under21_Month1.NIDirector_Under21Month1"/>
</testsuite> <!-- Default test -->
