<?xml version="1.0" encoding="UTF-8"?>
<!-- Generated by org.testng.reporters.JUnitXMLReporter -->
<testsuite hostname="XCDHR_2010" ignored="0" name="Default test" tests="2" failures="0" timestamp="15 May 2018 07:41:43 GMT" time="106.151" errors="0">
  <testcase name="toSelectOrgForPerformingAutomationTests" time="43.739" classname="com.test.xcdhr.Salesforce_Core_Framework1.hrms_payrol.StudentLoanAndCourtOrderScenario1.TestReportForNovPayroll"/>
  <testcase name="toSearchAndProcessReport" time="58.179" classname="com.test.xcdhr.Salesforce_Core_Framework1.hrms_payrol.StudentLoanAndCourtOrderScenario1.TestReportForNovPayroll"/>
</testsuite> <!-- Default test -->
