<?xml version="1.0" encoding="UTF-8"?>
<!-- Generated by org.testng.reporters.JUnitXMLReporter -->
<testsuite hostname="DESKTOP-OAEFISL" ignored="0" name="Default test" tests="2" failures="0" timestamp="29 Nov 2017 06:19:04 GMT" time="105.48" errors="0">
  <testcase name="EmpsSetup_ForMonthlyTaxRate" time="53.953" classname="com.test.xcdhr.Salesforce_Core_Framework1.hrms_payroll.rti_Payroll_Scenario2_Month4.UpdteTaxCodeAndAnualSalaryM4"/>
  <testcase name="EmpsSetup_WithAnnualSalary" time="35.1" classname="com.test.xcdhr.Salesforce_Core_Framework1.hrms_payroll.rti_Payroll_Scenario2_Month4.UpdteTaxCodeAndAnualSalaryM4"/>
</testsuite> <!-- Default test -->
