<?xml version="1.0" encoding="UTF-8"?>
<!-- Generated by org.testng.reporters.JUnitXMLReporter -->
<testsuite hostname="XCDHR_2010" ignored="0" name="Default test" tests="11" failures="0" timestamp="19 Jun 2018 09:42:50 GMT" time="707.563" errors="0">
  <testcase name="toSelectOrgForPerformingAutomationTests" time="44.987" classname="com.test.xcdhr.Salesforce_Core_Framework1.hrms_payrol.CourtOrderScenarios.DEO2003ChildMaintnceIOPayroll"/>
  <testcase name="toSetEmployeesNICategory" time="31.995" classname="com.test.xcdhr.Salesforce_Core_Framework1.hrms_payrol.CourtOrderScenarios.DEO2003ChildMaintnceIOPayroll"/>
  <testcase name="setEmployeesAnnualSalaryAndPayfrequency" time="43.876" classname="com.test.xcdhr.Salesforce_Core_Framework1.hrms_payrol.CourtOrderScenarios.DEO2003ChildMaintnceIOPayroll"/>
  <testcase name="toProcessOctPayroll" time="49.071" classname="com.test.xcdhr.Salesforce_Core_Framework1.hrms_payrol.CourtOrderScenarios.DEO2003ChildMaintnceIOPayroll"/>
  <testcase name="toSelectEmployeesToProcessOctPayroll" time="96.77" classname="com.test.xcdhr.Salesforce_Core_Framework1.hrms_payrol.CourtOrderScenarios.DEO2003ChildMaintnceIOPayroll"/>
  <testcase name="toProcessNovPayroll" time="47.067" classname="com.test.xcdhr.Salesforce_Core_Framework1.hrms_payrol.CourtOrderScenarios.DEO2003ChildMaintnceIOPayroll"/>
  <testcase name="toSelectEmployeesToProcessNovPayroll" time="100.787" classname="com.test.xcdhr.Salesforce_Core_Framework1.hrms_payrol.CourtOrderScenarios.DEO2003ChildMaintnceIOPayroll"/>
  <testcase name="toProcessDecPayroll" time="47.322" classname="com.test.xcdhr.Salesforce_Core_Framework1.hrms_payrol.CourtOrderScenarios.DEO2003ChildMaintnceIOPayroll"/>
  <testcase name="toSelectEmployeesToProcessDecPayroll" time="100.024" classname="com.test.xcdhr.Salesforce_Core_Framework1.hrms_payrol.CourtOrderScenarios.DEO2003ChildMaintnceIOPayroll"/>
  <testcase name="toProcessJanPayroll" time="47.241" classname="com.test.xcdhr.Salesforce_Core_Framework1.hrms_payrol.CourtOrderScenarios.DEO2003ChildMaintnceIOPayroll"/>
  <testcase name="toSelectEmployeesToProcessJanPayroll" time="92.862" classname="com.test.xcdhr.Salesforce_Core_Framework1.hrms_payrol.CourtOrderScenarios.DEO2003ChildMaintnceIOPayroll"/>
</testsuite> <!-- Default test -->
