<?xml version="1.0" encoding="UTF-8"?>
<!-- Generated by org.testng.reporters.JUnitXMLReporter -->
<testsuite hostname="ConsLeague-PC11" ignored="0" name="Default test" tests="28" failures="0" timestamp="08 Dec 2017 13:30:41 GMT" time="737.334" errors="0">
  <testcase name="EmpsSetup_ForMonthlyTaxRate" time="91.907" classname="com.test.xcdhr.Salesforce_Core_Framework1.hrms_payroll.IncomeTax_Genrl_and_Large_Taxcod_Weekly.GeneralTaxRateWeekly"/>
  <testcase name="EmpsSetup_ForMonthlyTaxRate" time="24.656" classname="com.test.xcdhr.Salesforce_Core_Framework1.hrms_payroll.IncomeTax_Genrl_and_Large_Taxcod_Weekly.GeneralTaxRateWeekly"/>
  <testcase name="EmpsSetup_ForMonthlyTaxRate" time="24.51" classname="com.test.xcdhr.Salesforce_Core_Framework1.hrms_payroll.IncomeTax_Genrl_and_Large_Taxcod_Weekly.GeneralTaxRateWeekly"/>
  <testcase name="EmpsSetup_ForMonthlyTaxRate" time="24.38" classname="com.test.xcdhr.Salesforce_Core_Framework1.hrms_payroll.IncomeTax_Genrl_and_Large_Taxcod_Weekly.GeneralTaxRateWeekly"/>
  <testcase name="EmpsSetup_ForMonthlyTaxRate" time="24.431" classname="com.test.xcdhr.Salesforce_Core_Framework1.hrms_payroll.IncomeTax_Genrl_and_Large_Taxcod_Weekly.GeneralTaxRateWeekly"/>
  <testcase name="EmpsSetup_ForMonthlyTaxRate" time="32.919" classname="com.test.xcdhr.Salesforce_Core_Framework1.hrms_payroll.IncomeTax_Genrl_and_Large_Taxcod_Weekly.GeneralTaxRateWeekly"/>
  <testcase name="EmpsSetup_ForMonthlyTaxRate" time="19.031" classname="com.test.xcdhr.Salesforce_Core_Framework1.hrms_payroll.IncomeTax_Genrl_and_Large_Taxcod_Weekly.GeneralTaxRateWeekly"/>
  <testcase name="EmpsSetup_ForMonthlyTaxRate" time="19.236" classname="com.test.xcdhr.Salesforce_Core_Framework1.hrms_payroll.IncomeTax_Genrl_and_Large_Taxcod_Weekly.GeneralTaxRateWeekly"/>
  <testcase name="EmpsSetup_ForMonthlyTaxRate" time="19.227" classname="com.test.xcdhr.Salesforce_Core_Framework1.hrms_payroll.IncomeTax_Genrl_and_Large_Taxcod_Weekly.GeneralTaxRateWeekly"/>
  <testcase name="EmpsSetup_ForMonthlyTaxRate" time="19.393" classname="com.test.xcdhr.Salesforce_Core_Framework1.hrms_payroll.IncomeTax_Genrl_and_Large_Taxcod_Weekly.GeneralTaxRateWeekly"/>
  <testcase name="EmpsSetup_ForMonthlyTaxRate" time="19.438" classname="com.test.xcdhr.Salesforce_Core_Framework1.hrms_payroll.IncomeTax_Genrl_and_Large_Taxcod_Weekly.GeneralTaxRateWeekly"/>
  <testcase name="EmpsSetup_ForMonthlyTaxRate" time="19.537" classname="com.test.xcdhr.Salesforce_Core_Framework1.hrms_payroll.IncomeTax_Genrl_and_Large_Taxcod_Weekly.GeneralTaxRateWeekly"/>
  <testcase name="EmpsSetup_ForMonthlyTaxRate" time="19.515" classname="com.test.xcdhr.Salesforce_Core_Framework1.hrms_payroll.IncomeTax_Genrl_and_Large_Taxcod_Weekly.GeneralTaxRateWeekly"/>
  <testcase name="EmpsSetup_ForMonthlyTaxRate" time="19.532" classname="com.test.xcdhr.Salesforce_Core_Framework1.hrms_payroll.IncomeTax_Genrl_and_Large_Taxcod_Weekly.GeneralTaxRateWeekly"/>
  <testcase name="EmpsSetup_WithAnnualSalary" time="38.362" classname="com.test.xcdhr.Salesforce_Core_Framework1.hrms_payroll.IncomeTax_Genrl_and_Large_Taxcod_Weekly.GeneralTaxRateWeekly"/>
  <testcase name="EmpsSetup_WithAnnualSalary" time="20.629" classname="com.test.xcdhr.Salesforce_Core_Framework1.hrms_payroll.IncomeTax_Genrl_and_Large_Taxcod_Weekly.GeneralTaxRateWeekly"/>
  <testcase name="EmpsSetup_WithAnnualSalary" time="20.782" classname="com.test.xcdhr.Salesforce_Core_Framework1.hrms_payroll.IncomeTax_Genrl_and_Large_Taxcod_Weekly.GeneralTaxRateWeekly"/>
  <testcase name="EmpsSetup_WithAnnualSalary" time="21.331" classname="com.test.xcdhr.Salesforce_Core_Framework1.hrms_payroll.IncomeTax_Genrl_and_Large_Taxcod_Weekly.GeneralTaxRateWeekly"/>
  <testcase name="EmpsSetup_WithAnnualSalary" time="20.862" classname="com.test.xcdhr.Salesforce_Core_Framework1.hrms_payroll.IncomeTax_Genrl_and_Large_Taxcod_Weekly.GeneralTaxRateWeekly"/>
  <testcase name="EmpsSetup_WithAnnualSalary" time="29.301" classname="com.test.xcdhr.Salesforce_Core_Framework1.hrms_payroll.IncomeTax_Genrl_and_Large_Taxcod_Weekly.GeneralTaxRateWeekly"/>
  <testcase name="EmpsSetup_WithAnnualSalary" time="15.835" classname="com.test.xcdhr.Salesforce_Core_Framework1.hrms_payroll.IncomeTax_Genrl_and_Large_Taxcod_Weekly.GeneralTaxRateWeekly"/>
  <testcase name="EmpsSetup_WithAnnualSalary" time="15.982" classname="com.test.xcdhr.Salesforce_Core_Framework1.hrms_payroll.IncomeTax_Genrl_and_Large_Taxcod_Weekly.GeneralTaxRateWeekly"/>
  <testcase name="EmpsSetup_WithAnnualSalary" time="16.11" classname="com.test.xcdhr.Salesforce_Core_Framework1.hrms_payroll.IncomeTax_Genrl_and_Large_Taxcod_Weekly.GeneralTaxRateWeekly"/>
  <testcase name="EmpsSetup_WithAnnualSalary" time="16.196" classname="com.test.xcdhr.Salesforce_Core_Framework1.hrms_payroll.IncomeTax_Genrl_and_Large_Taxcod_Weekly.GeneralTaxRateWeekly"/>
  <testcase name="EmpsSetup_WithAnnualSalary" time="16.193" classname="com.test.xcdhr.Salesforce_Core_Framework1.hrms_payroll.IncomeTax_Genrl_and_Large_Taxcod_Weekly.GeneralTaxRateWeekly"/>
  <testcase name="EmpsSetup_WithAnnualSalary" time="16.347" classname="com.test.xcdhr.Salesforce_Core_Framework1.hrms_payroll.IncomeTax_Genrl_and_Large_Taxcod_Weekly.GeneralTaxRateWeekly"/>
  <testcase name="EmpsSetup_WithAnnualSalary" time="16.339" classname="com.test.xcdhr.Salesforce_Core_Framework1.hrms_payroll.IncomeTax_Genrl_and_Large_Taxcod_Weekly.GeneralTaxRateWeekly"/>
  <testcase name="EmpsSetup_WithAnnualSalary" time="16.398" classname="com.test.xcdhr.Salesforce_Core_Framework1.hrms_payroll.IncomeTax_Genrl_and_Large_Taxcod_Weekly.GeneralTaxRateWeekly"/>
</testsuite> <!-- Default test -->
