<?xml version="1.0" encoding="UTF-8"?>
<!-- Generated by org.testng.reporters.JUnitXMLReporter -->
<testsuite hostname="ConsLeague-PC11" ignored="0" name="Default test" tests="2" failures="0" timestamp="27 Nov 2017 08:06:09 GMT" time="228.854" errors="0">
  <testcase name="EmpsSetup_ForMonthlyTaxRate" time="139.868" classname="com.test.xcdhr.Salesforce_Core_Framework1.hrms_payroll.hrms_Payroll_SMP_Statutory_Scenario.UpdateTaxCodeAndAnnualSalary"/>
  <testcase name="EmpsSetup_WithAnnualSalary" time="69.796" classname="com.test.xcdhr.Salesforce_Core_Framework1.hrms_payroll.hrms_Payroll_SMP_Statutory_Scenario.UpdateTaxCodeAndAnnualSalary"/>
</testsuite> <!-- Default test -->
