<?xml version="1.0" encoding="UTF-8"?>
<!-- Generated by org.testng.reporters.JUnitXMLReporter -->
<testsuite hostname="XCDHR_2010" ignored="0" name="Default test" tests="9" failures="0" timestamp="18 May 2018 12:15:47 GMT" time="259.888" errors="0">
  <testcase name="toSelectOrgForPerformingAutomationTests" time="42.447" classname="com.test.xcdhr.Salesforce_Core_Framework1.hrms_payrol.StudentLoanAndCourtOrderScenario1.TCOAEO1971civildebtIOAndPayroll"/>
  <testcase name="toSetEmployeesNICategory" time="30.872" classname="com.test.xcdhr.Salesforce_Core_Framework1.hrms_payrol.StudentLoanAndCourtOrderScenario1.TCOAEO1971civildebtIOAndPayroll"/>
  <testcase name="setEmployeesAnnualSalaryAndPayfrequency" time="41.443" classname="com.test.xcdhr.Salesforce_Core_Framework1.hrms_payrol.StudentLoanAndCourtOrderScenario1.TCOAEO1971civildebtIOAndPayroll"/>
  <testcase name="toProcessSepPayroll" time="112.43" classname="com.test.xcdhr.Salesforce_Core_Framework1.hrms_payrol.StudentLoanAndCourtOrderScenario1.TCOAEO1971civildebtIOAndPayroll"/>
  <testcase name="toSelectEmployeesToProcessSepPayroll" time="21.531" classname="com.test.xcdhr.Salesforce_Core_Framework1.hrms_payrol.StudentLoanAndCourtOrderScenario1.TCOAEO1971civildebtIOAndPayroll"/>
  <testcase name="toProcessOctPayroll" time="0.216" classname="com.test.xcdhr.Salesforce_Core_Framework1.hrms_payrol.StudentLoanAndCourtOrderScenario1.TCOAEO1971civildebtIOAndPayroll"/>
  <testcase name="toSelectEmployeesToProcessOctPayroll" time="3.372" classname="com.test.xcdhr.Salesforce_Core_Framework1.hrms_payrol.StudentLoanAndCourtOrderScenario1.TCOAEO1971civildebtIOAndPayroll"/>
  <testcase name="toProcessNovPayroll" time="0.205" classname="com.test.xcdhr.Salesforce_Core_Framework1.hrms_payrol.StudentLoanAndCourtOrderScenario1.TCOAEO1971civildebtIOAndPayroll"/>
  <testcase name="toSelectEmployeesToProcessNovPayroll" time="3.372" classname="com.test.xcdhr.Salesforce_Core_Framework1.hrms_payrol.StudentLoanAndCourtOrderScenario1.TCOAEO1971civildebtIOAndPayroll"/>
</testsuite> <!-- Default test -->
