<?xml version="1.0" encoding="UTF-8"?>
<!-- Generated by org.testng.reporters.JUnitXMLReporter -->
<testsuite hostname="XCDHR_2010" ignored="0" name="Default test" tests="9" failures="0" timestamp="01 Jun 2018 11:31:32 GMT" time="614.315" errors="0">
  <testcase name="toSelectOrgForPerformingAutomationTests" time="38.76" classname="com.test.xcdhr.Salesforce_Core_Framework1.hrms_payrol.StudentLoanAndCourtOrderScenario6.PAEO2003FineIOAndPayroll"/>
  <testcase name="toSetEmployeesNICategory" time="31.636" classname="com.test.xcdhr.Salesforce_Core_Framework1.hrms_payrol.StudentLoanAndCourtOrderScenario6.PAEO2003FineIOAndPayroll"/>
  <testcase name="setEmployeesAnnualSalaryAndPayfrequency" time="44.447" classname="com.test.xcdhr.Salesforce_Core_Framework1.hrms_payrol.StudentLoanAndCourtOrderScenario6.PAEO2003FineIOAndPayroll"/>
  <testcase name="toProcessOctPayroll" time="61.698" classname="com.test.xcdhr.Salesforce_Core_Framework1.hrms_payrol.StudentLoanAndCourtOrderScenario6.PAEO2003FineIOAndPayroll"/>
  <testcase name="toSelectEmployeesToProcessOctPayroll" time="92.869" classname="com.test.xcdhr.Salesforce_Core_Framework1.hrms_payrol.StudentLoanAndCourtOrderScenario6.PAEO2003FineIOAndPayroll"/>
  <testcase name="toProcessNovPayroll" time="57.747" classname="com.test.xcdhr.Salesforce_Core_Framework1.hrms_payrol.StudentLoanAndCourtOrderScenario6.PAEO2003FineIOAndPayroll"/>
  <testcase name="toSelectEmployeesToProcessNovPayroll" time="94.823" classname="com.test.xcdhr.Salesforce_Core_Framework1.hrms_payrol.StudentLoanAndCourtOrderScenario6.PAEO2003FineIOAndPayroll"/>
  <testcase name="toProcessDecPayroll" time="56.885" classname="com.test.xcdhr.Salesforce_Core_Framework1.hrms_payrol.StudentLoanAndCourtOrderScenario6.PAEO2003FineIOAndPayroll"/>
  <testcase name="toSelectEmployeesToProcessDecPayroll" time="129.398" classname="com.test.xcdhr.Salesforce_Core_Framework1.hrms_payrol.StudentLoanAndCourtOrderScenario6.PAEO2003FineIOAndPayroll"/>
</testsuite> <!-- Default test -->
