<?xml version="1.0" encoding="UTF-8"?>
<!-- Generated by org.testng.reporters.JUnitXMLReporter -->
<testsuite hostname="XCDHR_2010" ignored="0" name="Default test" tests="2" failures="0" timestamp="14 May 2018 13:19:53 GMT" time="95.251" errors="0">
  <testcase name="toSelectOrgForPerformingAutomationTests" time="33.363" classname="com.test.xcdhr.Salesforce_Core_Framework1.hrms_payrol.StudentLoanAndCourtOrderScenario1.TestReportForNovPayroll"/>
  <testcase name="toSearchAndProcessReport" time="57.81" classname="com.test.xcdhr.Salesforce_Core_Framework1.hrms_payrol.StudentLoanAndCourtOrderScenario1.TestReportForNovPayroll"/>
</testsuite> <!-- Default test -->
