<?xml version="1.0" encoding="UTF-8"?>
<!-- Generated by org.testng.reporters.JUnitXMLReporter -->
<testsuite hostname="XCDHR_2010" ignored="0" name="Default test" tests="19" failures="0" timestamp="06 Mar 2018 12:57:45 GMT" time="243.44" errors="0">
  <testcase name="EmpsPayroll_Setup_ForIncomeTax" time="134.299" classname="com.test.xcdhr.Salesforce_Core_Framework1.hrms_payroll.IncomeTax_Genrl_and_Large_Taxcod_Weekly.ProcessPayrollForWeeklyTax"/>
  <testcase name="EmpsPayroll_Setup_ForIncomeTax" time="1.806" classname="com.test.xcdhr.Salesforce_Core_Framework1.hrms_payroll.IncomeTax_Genrl_and_Large_Taxcod_Weekly.ProcessPayrollForWeeklyTax"/>
  <testcase name="EmpsPayroll_Setup_ForIncomeTax" time="1.969" classname="com.test.xcdhr.Salesforce_Core_Framework1.hrms_payroll.IncomeTax_Genrl_and_Large_Taxcod_Weekly.ProcessPayrollForWeeklyTax"/>
  <testcase name="EmpsPayroll_Setup_ForIncomeTax" time="1.827" classname="com.test.xcdhr.Salesforce_Core_Framework1.hrms_payroll.IncomeTax_Genrl_and_Large_Taxcod_Weekly.ProcessPayrollForWeeklyTax"/>
  <testcase name="EmpsPayroll_Setup_ForIncomeTax" time="1.748" classname="com.test.xcdhr.Salesforce_Core_Framework1.hrms_payroll.IncomeTax_Genrl_and_Large_Taxcod_Weekly.ProcessPayrollForWeeklyTax"/>
  <testcase name="EmpsPayroll_Setup_ForIncomeTax" time="1.86" classname="com.test.xcdhr.Salesforce_Core_Framework1.hrms_payroll.IncomeTax_Genrl_and_Large_Taxcod_Weekly.ProcessPayrollForWeeklyTax"/>
  <testcase name="EmpsPayroll_Setup_ForIncomeTax" time="1.8" classname="com.test.xcdhr.Salesforce_Core_Framework1.hrms_payroll.IncomeTax_Genrl_and_Large_Taxcod_Weekly.ProcessPayrollForWeeklyTax"/>
  <testcase name="EmpsPayroll_Setup_ForIncomeTax" time="1.989" classname="com.test.xcdhr.Salesforce_Core_Framework1.hrms_payroll.IncomeTax_Genrl_and_Large_Taxcod_Weekly.ProcessPayrollForWeeklyTax"/>
  <testcase name="EmpsPayroll_Setup_ForIncomeTax" time="2.057" classname="com.test.xcdhr.Salesforce_Core_Framework1.hrms_payroll.IncomeTax_Genrl_and_Large_Taxcod_Weekly.ProcessPayrollForWeeklyTax"/>
  <testcase name="EmpsPayroll_Setup_ForIncomeTax" time="2.437" classname="com.test.xcdhr.Salesforce_Core_Framework1.hrms_payroll.IncomeTax_Genrl_and_Large_Taxcod_Weekly.ProcessPayrollForWeeklyTax"/>
  <testcase name="EmpsPayroll_Setup_ForIncomeTax" time="1.842" classname="com.test.xcdhr.Salesforce_Core_Framework1.hrms_payroll.IncomeTax_Genrl_and_Large_Taxcod_Weekly.ProcessPayrollForWeeklyTax"/>
  <testcase name="EmpsPayroll_Setup_ForIncomeTax" time="1.853" classname="com.test.xcdhr.Salesforce_Core_Framework1.hrms_payroll.IncomeTax_Genrl_and_Large_Taxcod_Weekly.ProcessPayrollForWeeklyTax"/>
  <testcase name="EmpsPayroll_Setup_ForIncomeTax" time="1.99" classname="com.test.xcdhr.Salesforce_Core_Framework1.hrms_payroll.IncomeTax_Genrl_and_Large_Taxcod_Weekly.ProcessPayrollForWeeklyTax"/>
  <testcase name="EmpsPayroll_Setup_ForIncomeTax" time="1.837" classname="com.test.xcdhr.Salesforce_Core_Framework1.hrms_payroll.IncomeTax_Genrl_and_Large_Taxcod_Weekly.ProcessPayrollForWeeklyTax"/>
  <testcase name="EmpsPayroll_Setup_ForIncomeTax" time="1.865" classname="com.test.xcdhr.Salesforce_Core_Framework1.hrms_payroll.IncomeTax_Genrl_and_Large_Taxcod_Weekly.ProcessPayrollForWeeklyTax"/>
  <testcase name="EmpsPayroll_Setup_ForIncomeTax" time="1.916" classname="com.test.xcdhr.Salesforce_Core_Framework1.hrms_payroll.IncomeTax_Genrl_and_Large_Taxcod_Weekly.ProcessPayrollForWeeklyTax"/>
  <testcase name="EmpsPayroll_Setup_ForIncomeTax" time="1.797" classname="com.test.xcdhr.Salesforce_Core_Framework1.hrms_payroll.IncomeTax_Genrl_and_Large_Taxcod_Weekly.ProcessPayrollForWeeklyTax"/>
  <testcase name="EmpsPayroll_Setup_ForIncomeTax" time="1.911" classname="com.test.xcdhr.Salesforce_Core_Framework1.hrms_payroll.IncomeTax_Genrl_and_Large_Taxcod_Weekly.ProcessPayrollForWeeklyTax"/>
  <testcase name="EmpsPayroll_Setup_ForIncomeTax" time="74.262" classname="com.test.xcdhr.Salesforce_Core_Framework1.hrms_payroll.IncomeTax_Genrl_and_Large_Taxcod_Weekly.ProcessPayrollForWeeklyTax"/>
</testsuite> <!-- Default test -->
