<?xml version="1.0" encoding="UTF-8"?>
<!-- Generated by org.testng.reporters.JUnitXMLReporter -->
<testsuite hostname="ConsLeague-PC11" ignored="0" name="Default test" tests="3" failures="0" timestamp="17 Jan 2018 13:02:44 GMT" time="271.77" errors="0">
  <testcase name="EmpsPayroll_Setup_ForIncomeTax" time="204.694" classname="com.test.xcdhr.Salesforce_Core_Framework1.hrms_payroll.IncomeTax_TCWeek4LDOD1BRNTOTK50RL.ProcessPayrollForWeeklyTax"/>
  <testcase name="EmpsPayroll_Setup_ForIncomeTax" time="0.895" classname="com.test.xcdhr.Salesforce_Core_Framework1.hrms_payroll.IncomeTax_TCWeek4LDOD1BRNTOTK50RL.ProcessPayrollForWeeklyTax"/>
  <testcase name="EmpsPayroll_Setup_ForIncomeTax" time="38.143" classname="com.test.xcdhr.Salesforce_Core_Framework1.hrms_payroll.IncomeTax_TCWeek4LDOD1BRNTOTK50RL.ProcessPayrollForWeeklyTax"/>
</testsuite> <!-- Default test -->
