<?xml version="1.0" encoding="UTF-8"?>
<!-- Generated by org.testng.reporters.JUnitXMLReporter -->
<testsuite hostname="XCDHR_2010" ignored="0" name="Default test" tests="12" failures="0" timestamp="07 Mar 2018 12:22:20 GMT" time="129.106" errors="0">
  <testcase name="EmpsPayroll_Setup_ForIncomeTax" time="126.643" classname="com.test.xcdhr.Salesforce_Core_Framework1.hrms_payroll.IncomeTax_TCMnth1_CSBRNTK50RL.ProcessPayrollForMonthlyTax"/>
  <testcase name="EmpsPayroll_Setup_ForIncomeTax" time="0.001" classname="com.test.xcdhr.Salesforce_Core_Framework1.hrms_payroll.IncomeTax_TCMnth1_CSBRNTK50RL.ProcessPayrollForMonthlyTax"/>
  <testcase name="EmpsPayroll_Setup_ForIncomeTax" time="0.001" classname="com.test.xcdhr.Salesforce_Core_Framework1.hrms_payroll.IncomeTax_TCMnth1_CSBRNTK50RL.ProcessPayrollForMonthlyTax"/>
  <testcase name="EmpsPayroll_Setup_ForIncomeTax" time="0.001" classname="com.test.xcdhr.Salesforce_Core_Framework1.hrms_payroll.IncomeTax_TCMnth1_CSBRNTK50RL.ProcessPayrollForMonthlyTax"/>
  <testcase name="EmpsPayroll_Setup_ForIncomeTax" time="0.002" classname="com.test.xcdhr.Salesforce_Core_Framework1.hrms_payroll.IncomeTax_TCMnth1_CSBRNTK50RL.ProcessPayrollForMonthlyTax"/>
  <testcase name="EmpsPayroll_Setup_ForIncomeTax" time="0.001" classname="com.test.xcdhr.Salesforce_Core_Framework1.hrms_payroll.IncomeTax_TCMnth1_CSBRNTK50RL.ProcessPayrollForMonthlyTax"/>
  <testcase name="EmpsPayroll_Setup_ForIncomeTax" time="0.001" classname="com.test.xcdhr.Salesforce_Core_Framework1.hrms_payroll.IncomeTax_TCMnth1_CSBRNTK50RL.ProcessPayrollForMonthlyTax"/>
  <testcase name="EmpsPayroll_Setup_ForIncomeTax" time="0.002" classname="com.test.xcdhr.Salesforce_Core_Framework1.hrms_payroll.IncomeTax_TCMnth1_CSBRNTK50RL.ProcessPayrollForMonthlyTax"/>
  <testcase name="EmpsPayroll_Setup_ForIncomeTax" time="0.002" classname="com.test.xcdhr.Salesforce_Core_Framework1.hrms_payroll.IncomeTax_TCMnth1_CSBRNTK50RL.ProcessPayrollForMonthlyTax"/>
  <testcase name="EmpsPayroll_Setup_ForIncomeTax" time="0.002" classname="com.test.xcdhr.Salesforce_Core_Framework1.hrms_payroll.IncomeTax_TCMnth1_CSBRNTK50RL.ProcessPayrollForMonthlyTax"/>
  <testcase name="EmpsPayroll_Setup_ForIncomeTax" time="0.001" classname="com.test.xcdhr.Salesforce_Core_Framework1.hrms_payroll.IncomeTax_TCMnth1_CSBRNTK50RL.ProcessPayrollForMonthlyTax"/>
  <testcase name="EmpsPayroll_Setup_ForIncomeTax" time="0.001" classname="com.test.xcdhr.Salesforce_Core_Framework1.hrms_payroll.IncomeTax_TCMnth1_CSBRNTK50RL.ProcessPayrollForMonthlyTax"/>
</testsuite> <!-- Default test -->
