<?xml version="1.0" encoding="UTF-8"?>
<!-- Generated by org.testng.reporters.JUnitXMLReporter -->
<testsuite hostname="XCDHR_2010" ignored="0" name="Default test" tests="2" failures="0" timestamp="09 May 2018 10:48:07 GMT" time="122.421" errors="0">
  <testcase name="toSelectOrgForPerformingAutomationTests" time="46.257" classname="com.test.xcdhr.Salesforce_Core_Framework1.hrms_payrol.StudentLoanAndCourtOrderScenario1.TestReportForOctPayroll"/>
  <testcase name="toSearchAndProcessReport" time="67.87" classname="com.test.xcdhr.Salesforce_Core_Framework1.hrms_payrol.StudentLoanAndCourtOrderScenario1.TestReportForOctPayroll"/>
</testsuite> <!-- Default test -->
