<?xml version="1.0" encoding="UTF-8"?>
<!-- Generated by org.testng.reporters.JUnitXMLReporter -->
<testsuite hostname="XCDHR_2010" ignored="0" name="Default test" tests="3" failures="0" timestamp="02 May 2018 11:52:29 GMT" time="113.605" errors="0">
  <testcase name="toSelectOrgForPerformingAutomationTests" time="39.189" classname="com.testcase.xcdhr.Salaesforce_Core_Framework1.hrms_payroll.TestCourtOrderAEO1971civildebt_Scenario.TestCourtOrderAEO1971civildebt"/>
  <testcase name="toSetEmployeesNICategory" time="30.535" classname="com.testcase.xcdhr.Salaesforce_Core_Framework1.hrms_payroll.TestCourtOrderAEO1971civildebt_Scenario.TestCourtOrderAEO1971civildebt"/>
  <testcase name="setEmployeesAnnualSalaryAndPayfrequency" time="40.276" classname="com.testcase.xcdhr.Salaesforce_Core_Framework1.hrms_payroll.TestCourtOrderAEO1971civildebt_Scenario.TestCourtOrderAEO1971civildebt"/>
</testsuite> <!-- Default test -->
