<?xml version="1.0" encoding="UTF-8"?>
<!-- Generated by org.testng.reporters.JUnitXMLReporter -->
<testsuite hostname="XCDHR_2010" ignored="0" name="Default test" tests="1" failures="0" timestamp="26 Mar 2018 07:39:47 GMT" time="0.693" errors="0">
  <testcase name="@BeforeSuite CheckSuiteSkip" time="0.0" classname="com.test.xcdhr.Salesforce_Core_Framework1.hrms_payroll.hrms_Payroll_SMP_Statutory_Scenario.TestSuiteBase">
    <failure type="java.lang.Exception" message="Payroll suite is not going to execute as its being skipped">
      <![CDATA[java.lang.Exception: Payroll suite is not going to execute as its being skipped
	at com.test.xcdhr.Salesforce_Core_Framework1.hrms_payroll.hrms_Payroll_SMP_Statutory_Scenario.TestSuiteBase.CheckSuiteSkip(TestSuiteBase.java:17)
	at sun.reflect.NativeMethodAccessorImpl.invoke0(Native Method)
	at sun.reflect.NativeMethodAccessorImpl.invoke(Unknown Source)
	at sun.reflect.DelegatingMethodAccessorImpl.invoke(Unknown Source)
	at java.lang.reflect.Method.invoke(Unknown Source)
	at org.testng.internal.MethodInvocationHelper.invokeMethod(MethodInvocationHelper.java:104)
	at org.testng.internal.Invoker.invokeConfigurationMethod(Invoker.java:515)
	at org.testng.internal.Invoker.invokeConfigurations(Invoker.java:217)
	at org.testng.internal.Invoker.invokeConfigurations(Invoker.java:144)
	at org.testng.SuiteRunner.privateRun(SuiteRunner.java:326)
	at org.testng.SuiteRunner.run(SuiteRunner.java:289)
	at org.testng.SuiteRunnerWorker.runSuite(SuiteRunnerWorker.java:52)
	at org.testng.SuiteRunnerWorker.run(SuiteRunnerWorker.java:86)
	at org.testng.TestNG.runSuitesSequentially(TestNG.java:1293)
	at org.testng.TestNG.runSuitesLocally(TestNG.java:1218)
	at org.testng.TestNG.runSuites(TestNG.java:1133)
	at org.testng.TestNG.run(TestNG.java:1104)
	at org.testng.remote.AbstractRemoteTestNG.run(AbstractRemoteTestNG.java:132)
	at org.testng.remote.RemoteTestNG.initAndRun(RemoteTestNG.java:230)
	at org.testng.remote.RemoteTestNG.main(RemoteTestNG.java:76)
]]>
    </failure>
  </testcase> <!-- @BeforeSuite CheckSuiteSkip -->
  <testcase name="@BeforeTest CheckTestSkip" time="0.0" classname="com.test.xcdhr.Salesforce_Core_Framework1.hrms_payroll.hrms_Payroll_SMP_Statutory_Scenario.ResetData">
    <skipped/>
  </testcase> <!-- @BeforeTest CheckTestSkip -->
  <testcase name="@AfterTest ReportTestResult" time="0.0" classname="com.test.xcdhr.Salesforce_Core_Framework1.hrms_payroll.hrms_Payroll_SMP_Statutory_Scenario.ResetData">
    <skipped/>
  </testcase> <!-- @AfterTest ReportTestResult -->
  <testcase name="ResetEmploymentAndLeaveTabs" time="0.0" classname="com.test.xcdhr.Salesforce_Core_Framework1.hrms_payroll.hrms_Payroll_SMP_Statutory_Scenario.ResetData">
    <skipped/>
  </testcase> <!-- ResetEmploymentAndLeaveTabs -->
</testsuite> <!-- Default test -->
