<?xml version="1.0" encoding="UTF-8"?>
<!-- Generated by org.testng.reporters.JUnitXMLReporter -->
<testsuite hostname="ConsLeague-PC11" ignored="0" name="Default test" tests="18" failures="0" timestamp="21 Nov 2017 07:23:58 GMT" time="545.676" errors="0">
  <testcase name="EmpsSetup_WithNICategory" time="87.352" classname="com.test.xcdhr.Salesforce_Core_Framework1.hrms_payroll.NI_FourweeklyCatA.NI4WeeklyCat_A"/>
  <testcase name="EmpsSetup_WithNICategory" time="17.619" classname="com.test.xcdhr.Salesforce_Core_Framework1.hrms_payroll.NI_FourweeklyCatA.NI4WeeklyCat_A"/>
  <testcase name="EmpsSetup_WithNICategory" time="17.724" classname="com.test.xcdhr.Salesforce_Core_Framework1.hrms_payroll.NI_FourweeklyCatA.NI4WeeklyCat_A"/>
  <testcase name="EmpsSetup_WithNICategory" time="17.673" classname="com.test.xcdhr.Salesforce_Core_Framework1.hrms_payroll.NI_FourweeklyCatA.NI4WeeklyCat_A"/>
  <testcase name="EmpsSetup_WithNICategory" time="17.764" classname="com.test.xcdhr.Salesforce_Core_Framework1.hrms_payroll.NI_FourweeklyCatA.NI4WeeklyCat_A"/>
  <testcase name="EmpsSetup_WithNICategory" time="17.841" classname="com.test.xcdhr.Salesforce_Core_Framework1.hrms_payroll.NI_FourweeklyCatA.NI4WeeklyCat_A"/>
  <testcase name="EmpsSetup_WithNICategory" time="17.967" classname="com.test.xcdhr.Salesforce_Core_Framework1.hrms_payroll.NI_FourweeklyCatA.NI4WeeklyCat_A"/>
  <testcase name="EmpsSetup_WithNICategory" time="18.027" classname="com.test.xcdhr.Salesforce_Core_Framework1.hrms_payroll.NI_FourweeklyCatA.NI4WeeklyCat_A"/>
  <testcase name="EmpsSetup_WithNICategory" time="18.134" classname="com.test.xcdhr.Salesforce_Core_Framework1.hrms_payroll.NI_FourweeklyCatA.NI4WeeklyCat_A"/>
  <testcase name="EmpsSetup_WithAnnualSalary" time="58.857" classname="com.test.xcdhr.Salesforce_Core_Framework1.hrms_payroll.NI_FourweeklyCatA.NI4WeeklyCat_A"/>
  <testcase name="EmpsSetup_WithAnnualSalary" time="24.444" classname="com.test.xcdhr.Salesforce_Core_Framework1.hrms_payroll.NI_FourweeklyCatA.NI4WeeklyCat_A"/>
  <testcase name="EmpsSetup_WithAnnualSalary" time="24.616" classname="com.test.xcdhr.Salesforce_Core_Framework1.hrms_payroll.NI_FourweeklyCatA.NI4WeeklyCat_A"/>
  <testcase name="EmpsSetup_WithAnnualSalary" time="24.423" classname="com.test.xcdhr.Salesforce_Core_Framework1.hrms_payroll.NI_FourweeklyCatA.NI4WeeklyCat_A"/>
  <testcase name="EmpsSetup_WithAnnualSalary" time="24.63" classname="com.test.xcdhr.Salesforce_Core_Framework1.hrms_payroll.NI_FourweeklyCatA.NI4WeeklyCat_A"/>
  <testcase name="EmpsSetup_WithAnnualSalary" time="24.867" classname="com.test.xcdhr.Salesforce_Core_Framework1.hrms_payroll.NI_FourweeklyCatA.NI4WeeklyCat_A"/>
  <testcase name="EmpsSetup_WithAnnualSalary" time="24.833" classname="com.test.xcdhr.Salesforce_Core_Framework1.hrms_payroll.NI_FourweeklyCatA.NI4WeeklyCat_A"/>
  <testcase name="EmpsSetup_WithAnnualSalary" time="24.57" classname="com.test.xcdhr.Salesforce_Core_Framework1.hrms_payroll.NI_FourweeklyCatA.NI4WeeklyCat_A"/>
  <testcase name="EmpsSetup_WithAnnualSalary" time="24.718" classname="com.test.xcdhr.Salesforce_Core_Framework1.hrms_payroll.NI_FourweeklyCatA.NI4WeeklyCat_A"/>
</testsuite> <!-- Default test -->
