<?xml version="1.0" encoding="UTF-8"?>
<!-- Generated by org.testng.reporters.JUnitXMLReporter -->
<testsuite hostname="XCDHR_2010" ignored="0" name="Default test" tests="4" failures="0" timestamp="19 Jun 2018 05:43:01 GMT" time="0.16" errors="0">
  <testcase name="@BeforeTest checkTestSkip" time="0.0" classname="com.test.xcdhr.Salesforce_Core_Framework1.hrms_payrol.StudentLoanAndCourtOrderScenario7.CTAEOCouncilTaxReports">
    <failure type="java.lang.NullPointerException">
      <![CDATA[java.lang.NullPointerException
	at com.test.xcdhr.Salesforce_Core_Framework1.Salesforce_Util.Test_Util.IsTestcaseRunMode(Test_Util.java:42)
	at com.test.xcdhr.Salesforce_Core_Framework1.hrms_payrol.StudentLoanAndCourtOrderScenario7.CTAEOCouncilTaxReports.checkTestSkip(CTAEOCouncilTaxReports.java:32)
	at sun.reflect.NativeMethodAccessorImpl.invoke0(Native Method)
	at sun.reflect.NativeMethodAccessorImpl.invoke(Unknown Source)
	at sun.reflect.DelegatingMethodAccessorImpl.invoke(Unknown Source)
	at java.lang.reflect.Method.invoke(Unknown Source)
	at org.testng.internal.MethodInvocationHelper.invokeMethod(MethodInvocationHelper.java:104)
	at org.testng.internal.Invoker.invokeConfigurationMethod(Invoker.java:515)
	at org.testng.internal.Invoker.invokeConfigurations(Invoker.java:217)
	at org.testng.internal.Invoker.invokeConfigurations(Invoker.java:144)
	at org.testng.TestRunner.beforeRun(TestRunner.java:634)
	at org.testng.TestRunner.run(TestRunner.java:602)
	at org.testng.SuiteRunner.runTest(SuiteRunner.java:387)
	at org.testng.SuiteRunner.runSequentially(SuiteRunner.java:382)
	at org.testng.SuiteRunner.privateRun(SuiteRunner.java:340)
	at org.testng.SuiteRunner.run(SuiteRunner.java:289)
	at org.testng.SuiteRunnerWorker.runSuite(SuiteRunnerWorker.java:52)
	at org.testng.SuiteRunnerWorker.run(SuiteRunnerWorker.java:86)
	at org.testng.TestNG.runSuitesSequentially(TestNG.java:1293)
	at org.testng.TestNG.runSuitesLocally(TestNG.java:1218)
	at org.testng.TestNG.runSuites(TestNG.java:1133)
	at org.testng.TestNG.run(TestNG.java:1104)
	at org.testng.remote.AbstractRemoteTestNG.run(AbstractRemoteTestNG.java:132)
	at org.testng.remote.RemoteTestNG.initAndRun(RemoteTestNG.java:230)
	at org.testng.remote.RemoteTestNG.main(RemoteTestNG.java:76)
]]>
    </failure>
  </testcase> <!-- @BeforeTest checkTestSkip -->
  <testcase name="@AfterTest toReportTestResult" time="0.0" classname="com.test.xcdhr.Salesforce_Core_Framework1.hrms_payrol.StudentLoanAndCourtOrderScenario7.CTAEOCouncilTaxReports">
    <skipped/>
  </testcase> <!-- @AfterTest toReportTestResult -->
  <testcase name="toSelectOrgForPerformingAutomationTests" time="0.0" classname="com.test.xcdhr.Salesforce_Core_Framework1.hrms_payrol.StudentLoanAndCourtOrderScenario7.CTAEOCouncilTaxReports">
    <skipped/>
  </testcase> <!-- toSelectOrgForPerformingAutomationTests -->
  <testcase name="toProcessOctPayrollReport" time="0.0" classname="com.test.xcdhr.Salesforce_Core_Framework1.hrms_payrol.StudentLoanAndCourtOrderScenario7.CTAEOCouncilTaxReports">
    <skipped/>
  </testcase> <!-- toProcessOctPayrollReport -->
  <testcase name="ToProcessNovPayrollReport" time="0.0" classname="com.test.xcdhr.Salesforce_Core_Framework1.hrms_payrol.StudentLoanAndCourtOrderScenario7.CTAEOCouncilTaxReports">
    <skipped/>
  </testcase> <!-- ToProcessNovPayrollReport -->
  <testcase name="toProcessDecPayrollReport" time="0.0" classname="com.test.xcdhr.Salesforce_Core_Framework1.hrms_payrol.StudentLoanAndCourtOrderScenario7.CTAEOCouncilTaxReports">
    <skipped/>
  </testcase> <!-- toProcessDecPayrollReport -->
</testsuite> <!-- Default test -->
