<?xml version="1.0" encoding="UTF-8"?>
<!-- Generated by org.testng.reporters.JUnitXMLReporter -->
<testsuite hostname="XCDHR_2010" ignored="0" name="Default test" tests="4" failures="0" timestamp="19 Jun 2018 06:19:43 GMT" time="213.595" errors="0">
  <testcase name="toSelectOrgForPerformingAutomationTests" time="40.134" classname="com.test.xcdhr.Salesforce_Core_Framework1.hrms_payrol.StudentLoanAndCourtOrderScenario7.CTAEOCouncilTaxReports"/>
  <testcase name="toProcessOctPayrollReport" time="59.413" classname="com.test.xcdhr.Salesforce_Core_Framework1.hrms_payrol.StudentLoanAndCourtOrderScenario7.CTAEOCouncilTaxReports"/>
  <testcase name="ToProcessNovPayrollReport" time="54.846" classname="com.test.xcdhr.Salesforce_Core_Framework1.hrms_payrol.StudentLoanAndCourtOrderScenario7.CTAEOCouncilTaxReports"/>
  <testcase name="toProcessDecPayrollReport" time="54.295" classname="com.test.xcdhr.Salesforce_Core_Framework1.hrms_payrol.StudentLoanAndCourtOrderScenario7.CTAEOCouncilTaxReports"/>
</testsuite> <!-- Default test -->
