<?xml version="1.0" encoding="UTF-8"?>
<!-- Generated by org.testng.reporters.JUnitXMLReporter -->
<testsuite hostname="XCDHR_2010" ignored="0" name="Default test" tests="2" failures="0" timestamp="09 May 2018 14:36:12 GMT" time="106.294" errors="0">
  <testcase name="toSelectOrgForPerformingAutomationTests" time="45.07" classname="com.test.xcdhr.Salesforce_Core_Framework1.hrms_payrol.StudentLoanAndCourtOrderScenario1.TestReportForOctPayroll"/>
  <testcase name="toSearchAndProcessReport" time="57.396" classname="com.test.xcdhr.Salesforce_Core_Framework1.hrms_payrol.StudentLoanAndCourtOrderScenario1.TestReportForOctPayroll"/>
</testsuite> <!-- Default test -->
