<?xml version="1.0" encoding="UTF-8"?>
<!-- Generated by org.testng.reporters.JUnitXMLReporter -->
<testsuite hostname="DESKTOP-OAEFISL" ignored="0" name="Default test" tests="1" failures="0" timestamp="17 Jan 2018 11:49:42 GMT" time="2.814" errors="0">
  <testcase name="@BeforeSuite CheckSuiteSkip" time="0.0" classname="com.test.xcdhr.Salesforce_Core_Framework1.hrms_payroll.NI_TwoweeklyCatE.TestSuiteBase">
    <failure type="java.lang.Exception" message="Payroll suite is not going to execute as its being skipped">
      <![CDATA[java.lang.Exception: Payroll suite is not going to execute as its being skipped
	at com.test.xcdhr.Salesforce_Core_Framework1.hrms_payroll.NI_TwoweeklyCatE.TestSuiteBase.CheckSuiteSkip(TestSuiteBase.java:19)
	at sun.reflect.NativeMethodAccessorImpl.invoke0(Native Method)
	at sun.reflect.NativeMethodAccessorImpl.invoke(NativeMethodAccessorImpl.java:62)
	at sun.reflect.DelegatingMethodAccessorImpl.invoke(DelegatingMethodAccessorImpl.java:43)
	at java.lang.reflect.Method.invoke(Method.java:498)
	at org.testng.internal.MethodInvocationHelper.invokeMethod(MethodInvocationHelper.java:104)
	at org.testng.internal.Invoker.invokeConfigurationMethod(Invoker.java:515)
	at org.testng.internal.Invoker.invokeConfigurations(Invoker.java:217)
	at org.testng.internal.Invoker.invokeConfigurations(Invoker.java:144)
	at org.testng.SuiteRunner.privateRun(SuiteRunner.java:326)
	at org.testng.SuiteRunner.run(SuiteRunner.java:289)
	at org.testng.SuiteRunnerWorker.runSuite(SuiteRunnerWorker.java:52)
	at org.testng.SuiteRunnerWorker.run(SuiteRunnerWorker.java:86)
	at org.testng.TestNG.runSuitesSequentially(TestNG.java:1293)
	at org.testng.TestNG.runSuitesLocally(TestNG.java:1218)
	at org.testng.TestNG.runSuites(TestNG.java:1133)
	at org.testng.TestNG.run(TestNG.java:1104)
	at org.testng.remote.AbstractRemoteTestNG.run(AbstractRemoteTestNG.java:132)
	at org.testng.remote.RemoteTestNG.initAndRun(RemoteTestNG.java:230)
	at org.testng.remote.RemoteTestNG.main(RemoteTestNG.java:76)
]]>
    </failure>
  </testcase> <!-- @BeforeSuite CheckSuiteSkip -->
  <testcase name="@BeforeTest CheckTestSkip" time="0.0" classname="com.test.xcdhr.Salesforce_Core_Framework1.hrms_payroll.NI_TwoweeklyCatE.ProcessPayrollForNIWeekly">
    <skipped/>
  </testcase> <!-- @BeforeTest CheckTestSkip -->
  <testcase name="@AfterTest ReportTestResult" time="0.0" classname="com.test.xcdhr.Salesforce_Core_Framework1.hrms_payroll.NI_TwoweeklyCatE.ProcessPayrollForNIWeekly">
    <skipped/>
  </testcase> <!-- @AfterTest ReportTestResult -->
  <testcase name="EmpsPayroll_Setup_ForIncomeTax" time="0.0" classname="com.test.xcdhr.Salesforce_Core_Framework1.hrms_payroll.NI_TwoweeklyCatE.ProcessPayrollForNIWeekly">
    <skipped/>
  </testcase> <!-- EmpsPayroll_Setup_ForIncomeTax -->
</testsuite> <!-- Default test -->
