<?xml version="1.0" encoding="UTF-8"?>
<!-- Generated by org.testng.reporters.JUnitXMLReporter -->
<testsuite hostname="DESKTOP-OAEFISL" ignored="0" name="Default test" tests="2" failures="0" timestamp="09 May 2018 13:29:00 GMT" time="91.325" errors="0">
  <testcase name="toSelectOrgForPerformingAutomationTests" time="30.443" classname="com.test.xcdhr.Salesforce_Core_Framework1.hrms_payrol.StudentLoanAndCourtOrderScenario1.TestReportForOctPayroll"/>
  <testcase name="toSearchAndProcessReport" time="57.364" classname="com.test.xcdhr.Salesforce_Core_Framework1.hrms_payrol.StudentLoanAndCourtOrderScenario1.TestReportForOctPayroll"/>
</testsuite> <!-- Default test -->
