<?xml version="1.0" encoding="UTF-8"?>
<!-- Generated by org.testng.reporters.JUnitXMLReporter -->
<testsuite hostname="XCDHR_2010" ignored="0" name="Default test" tests="5" failures="0" timestamp="04 May 2018 06:37:00 GMT" time="283.112" errors="0">
  <testcase name="toSelectOrgForPerformingAutomationTests" time="39.557" classname="com.test.xcdhr.Salesforce_Core_Framework1.hrms_payroll.CourtOrderAEO1971civildebt_Scenario.TestCourtOrderAEO1971civildebt"/>
  <testcase name="toSetEmployeesNICategory" time="30.65" classname="com.test.xcdhr.Salesforce_Core_Framework1.hrms_payroll.CourtOrderAEO1971civildebt_Scenario.TestCourtOrderAEO1971civildebt"/>
  <testcase name="setEmployeesAnnualSalaryAndPayfrequency" time="40.911" classname="com.test.xcdhr.Salesforce_Core_Framework1.hrms_payroll.CourtOrderAEO1971civildebt_Scenario.TestCourtOrderAEO1971civildebt"/>
  <testcase name="toProcessPayroll" time="111.127" classname="com.test.xcdhr.Salesforce_Core_Framework1.hrms_payroll.CourtOrderAEO1971civildebt_Scenario.TestCourtOrderAEO1971civildebt"/>
  <testcase name="toSelectEmployeesToProcessPayroll" time="56.14" classname="com.test.xcdhr.Salesforce_Core_Framework1.hrms_payroll.CourtOrderAEO1971civildebt_Scenario.TestCourtOrderAEO1971civildebt"/>
</testsuite> <!-- Default test -->
