<?xml version="1.0" encoding="UTF-8"?>
<!-- Generated by org.testng.reporters.JUnitXMLReporter -->
<testsuite hostname="XCDHR_2010" ignored="0" name="Default test" tests="9" failures="0" timestamp="13 Jun 2018 08:21:20 GMT" time="717.071" errors="0">
  <testcase name="toSelectOrgForPerformingAutomationTests" time="55.621" classname="com.test.xcdhr.Salesforce_Core_Framework1.hrms_payrol.StudentLoanAndCourtOrderScenario7.CTAEOCouncilTaxIOAndPayroll"/>
  <testcase name="toSetEmployeesNICategory" time="33.941" classname="com.test.xcdhr.Salesforce_Core_Framework1.hrms_payrol.StudentLoanAndCourtOrderScenario7.CTAEOCouncilTaxIOAndPayroll"/>
  <testcase name="setEmployeesAnnualSalaryAndPayfrequency" time="44.684" classname="com.test.xcdhr.Salesforce_Core_Framework1.hrms_payrol.StudentLoanAndCourtOrderScenario7.CTAEOCouncilTaxIOAndPayroll"/>
  <testcase name="toProcessOctPayroll" time="64.348" classname="com.test.xcdhr.Salesforce_Core_Framework1.hrms_payrol.StudentLoanAndCourtOrderScenario7.CTAEOCouncilTaxIOAndPayroll"/>
  <testcase name="toSelectEmployeesToProcessOctPayroll" time="104.634" classname="com.test.xcdhr.Salesforce_Core_Framework1.hrms_payrol.StudentLoanAndCourtOrderScenario7.CTAEOCouncilTaxIOAndPayroll"/>
  <testcase name="toProcessNovPayroll" time="57.596" classname="com.test.xcdhr.Salesforce_Core_Framework1.hrms_payrol.StudentLoanAndCourtOrderScenario7.CTAEOCouncilTaxIOAndPayroll"/>
  <testcase name="toSelectEmployeesToProcessNovPayroll" time="129.978" classname="com.test.xcdhr.Salesforce_Core_Framework1.hrms_payrol.StudentLoanAndCourtOrderScenario7.CTAEOCouncilTaxIOAndPayroll"/>
  <testcase name="toProcessDecPayroll" time="70.723" classname="com.test.xcdhr.Salesforce_Core_Framework1.hrms_payrol.StudentLoanAndCourtOrderScenario7.CTAEOCouncilTaxIOAndPayroll"/>
  <testcase name="toSelectEmployeesToProcessDecPayroll" time="133.696" classname="com.test.xcdhr.Salesforce_Core_Framework1.hrms_payrol.StudentLoanAndCourtOrderScenario7.CTAEOCouncilTaxIOAndPayroll"/>
</testsuite> <!-- Default test -->
