<?xml version="1.0" encoding="UTF-8"?>
<!-- Generated by org.testng.reporters.JUnitXMLReporter -->
<testsuite hostname="XCDHR_2010" ignored="0" name="Default test" tests="11" failures="0" timestamp="24 May 2018 10:29:22 GMT" time="866.185" errors="0">
  <testcase name="toSelectOrgForPerformingAutomationTests" time="47.231" classname="com.test.xcdhr.Salesforce_Core_Framework1.hrms_payrol.StudentLoanAndCourtOrderScenario5.PAEO1971FineIOAndPayroll"/>
  <testcase name="toSetEmployeesNICategory" time="31.208" classname="com.test.xcdhr.Salesforce_Core_Framework1.hrms_payrol.StudentLoanAndCourtOrderScenario5.PAEO1971FineIOAndPayroll"/>
  <testcase name="setEmployeesAnnualSalaryAndPayfrequency" time="42.699" classname="com.test.xcdhr.Salesforce_Core_Framework1.hrms_payrol.StudentLoanAndCourtOrderScenario5.PAEO1971FineIOAndPayroll"/>
  <testcase name="toProcessOctPayroll" time="66.035" classname="com.test.xcdhr.Salesforce_Core_Framework1.hrms_payrol.StudentLoanAndCourtOrderScenario5.PAEO1971FineIOAndPayroll"/>
  <testcase name="toSelectEmployeesToProcessOctPayroll" time="178.085" classname="com.test.xcdhr.Salesforce_Core_Framework1.hrms_payrol.StudentLoanAndCourtOrderScenario5.PAEO1971FineIOAndPayroll"/>
  <testcase name="toProcessNovPayroll" time="56.548" classname="com.test.xcdhr.Salesforce_Core_Framework1.hrms_payrol.StudentLoanAndCourtOrderScenario5.PAEO1971FineIOAndPayroll"/>
  <testcase name="toSelectEmployeesToProcessNovPayroll" time="108.537" classname="com.test.xcdhr.Salesforce_Core_Framework1.hrms_payrol.StudentLoanAndCourtOrderScenario5.PAEO1971FineIOAndPayroll"/>
  <testcase name="toProcessDecPayroll" time="56.738" classname="com.test.xcdhr.Salesforce_Core_Framework1.hrms_payrol.StudentLoanAndCourtOrderScenario5.PAEO1971FineIOAndPayroll"/>
  <testcase name="toSelectEmployeesToProcessDecPayroll" time="87.561" classname="com.test.xcdhr.Salesforce_Core_Framework1.hrms_payrol.StudentLoanAndCourtOrderScenario5.PAEO1971FineIOAndPayroll"/>
  <testcase name="toProcessJanPayroll" time="58.699" classname="com.test.xcdhr.Salesforce_Core_Framework1.hrms_payrol.StudentLoanAndCourtOrderScenario5.PAEO1971FineIOAndPayroll"/>
  <testcase name="toSelectEmployeesToProcessJanPayroll" time="128.758" classname="com.test.xcdhr.Salesforce_Core_Framework1.hrms_payrol.StudentLoanAndCourtOrderScenario5.PAEO1971FineIOAndPayroll"/>
</testsuite> <!-- Default test -->
