<?xml version="1.0" encoding="UTF-8"?>
<!-- Generated by org.testng.reporters.JUnitXMLReporter -->
<testsuite hostname="XCDHR_2010" ignored="0" name="Default test" tests="9" failures="0" timestamp="16 May 2018 10:46:04 GMT" time="871.67" errors="0">
  <testcase name="toSelectOrgForPerformingAutomationTests" time="33.611" classname="com.test.xcdhr.Salesforce_Core_Framework1.hrms_payrol.StudentLoanAndCourtOrderScenario1.TCOAEO1971civildebtScenario"/>
  <testcase name="toSetEmployeesNICategory" time="31.72" classname="com.test.xcdhr.Salesforce_Core_Framework1.hrms_payrol.StudentLoanAndCourtOrderScenario1.TCOAEO1971civildebtScenario"/>
  <testcase name="setEmployeesAnnualSalaryAndPayfrequency" time="41.689" classname="com.test.xcdhr.Salesforce_Core_Framework1.hrms_payrol.StudentLoanAndCourtOrderScenario1.TCOAEO1971civildebtScenario"/>
  <testcase name="toProcessSepPayroll" time="115.331" classname="com.test.xcdhr.Salesforce_Core_Framework1.hrms_payrol.StudentLoanAndCourtOrderScenario1.TCOAEO1971civildebtScenario"/>
  <testcase name="toSelectEmployeesToProcessSepPayroll" time="158.25" classname="com.test.xcdhr.Salesforce_Core_Framework1.hrms_payrol.StudentLoanAndCourtOrderScenario1.TCOAEO1971civildebtScenario"/>
  <testcase name="toProcessOctPayroll" time="111.772" classname="com.test.xcdhr.Salesforce_Core_Framework1.hrms_payrol.StudentLoanAndCourtOrderScenario1.TCOAEO1971civildebtScenario"/>
  <testcase name="toSelectEmployeesToProcessOctPayroll" time="132.205" classname="com.test.xcdhr.Salesforce_Core_Framework1.hrms_payrol.StudentLoanAndCourtOrderScenario1.TCOAEO1971civildebtScenario"/>
  <testcase name="toProcessNovPayroll" time="111.648" classname="com.test.xcdhr.Salesforce_Core_Framework1.hrms_payrol.StudentLoanAndCourtOrderScenario1.TCOAEO1971civildebtScenario"/>
  <testcase name="toSelectEmployeesToProcessNovPayroll" time="133.228" classname="com.test.xcdhr.Salesforce_Core_Framework1.hrms_payrol.StudentLoanAndCourtOrderScenario1.TCOAEO1971civildebtScenario"/>
</testsuite> <!-- Default test -->
