<?xml version="1.0" encoding="UTF-8"?>
<!-- Generated by org.testng.reporters.JUnitXMLReporter -->
<testsuite hostname="XCDHR_2010" ignored="0" name="Default test" tests="13" failures="1" timestamp="09 Feb 2018 15:34:57 GMT" time="1870.167" errors="0">
  <testcase name="EmpsSetup_WithNICategory" time="287.021" classname="com.test.xcdhr.Salesforce_Core_Framework1.hrms_payroll.Rti_EmployeeCreation.CreateNewRTIEmployees"/>
  <testcase name="EmpsSetup_WithNICategory" time="261.86" classname="com.test.xcdhr.Salesforce_Core_Framework1.hrms_payroll.Rti_EmployeeCreation.CreateNewRTIEmployees"/>
  <testcase name="EmpsSetup_WithNICategory" time="249.205" classname="com.test.xcdhr.Salesforce_Core_Framework1.hrms_payroll.Rti_EmployeeCreation.CreateNewRTIEmployees"/>
  <testcase name="EmpsSetup_WithNICategory" time="247.553" classname="com.test.xcdhr.Salesforce_Core_Framework1.hrms_payroll.Rti_EmployeeCreation.CreateNewRTIEmployees"/>
  <testcase name="EmpsSetup_WithNICategory" time="249.391" classname="com.test.xcdhr.Salesforce_Core_Framework1.hrms_payroll.Rti_EmployeeCreation.CreateNewRTIEmployees"/>
  <testcase name="EmpsSetup_WithNICategory" time="198.271" classname="com.test.xcdhr.Salesforce_Core_Framework1.hrms_payroll.Rti_EmployeeCreation.CreateNewRTIEmployees"/>
  <testcase name="EmpsSetup_WithNICategory" time="186.948" classname="com.test.xcdhr.Salesforce_Core_Framework1.hrms_payroll.Rti_EmployeeCreation.CreateNewRTIEmployees"/>
  <testcase name="EmpsSetup_WithNICategory" time="185.004" classname="com.test.xcdhr.Salesforce_Core_Framework1.hrms_payroll.Rti_EmployeeCreation.CreateNewRTIEmployees"/>
  <testcase name="FetchCompanyRecord" time="0.0" classname="com.test.xcdhr.Salesforce_Core_Framework1.hrms_payroll.Rti_EmployeeCreation.CreateNewRTIEmployees">
    <failure type="org.testng.TestNGException" message="
Cannot inject @Test annotated Method [FetchCompanyRecord] with [class java.lang.String, class java.lang.String, class java.lang.String, class java.lang.String, class java.lang.String, class java.lang.String, class java.lang.String, class java.lang.String, class java.lang.String, class java.lang.String, class java.lang.String, class java.lang.String, class java.lang.String, class java.lang.String, class java.lang.String, class java.lang.String, class java.lang.String, class java.lang.String, class java.lang.String, class java.lang.String, class java.lang.String, class java.lang.String, class java.lang.String, class java.lang.String, class java.lang.String, class java.lang.String, class java.lang.String, class java.lang.String, class java.lang.String, class java.lang.String, class java.lang.String, class java.lang.String, class java.lang.String, class java.lang.String, class java.lang.String, class java.lang.String, class java.lang.String, class java.lang.String, class java.lang.String, class java.lang.String, class java.lang.String, class java.lang.String, class java.lang.String, class java.lang.String, class java.lang.String, class java.lang.String, class java.lang.String].
For more information on native dependency injection please refer to http://testng.org/doc/documentation-main.html#native-dependency-injection">
      <![CDATA[org.testng.TestNGException: 
Cannot inject @Test annotated Method [FetchCompanyRecord] with [class java.lang.String, class java.lang.String, class java.lang.String, class java.lang.String, class java.lang.String, class java.lang.String, class java.lang.String, class java.lang.String, class java.lang.String, class java.lang.String, class java.lang.String, class java.lang.String, class java.lang.String, class java.lang.String, class java.lang.String, class java.lang.String, class java.lang.String, class java.lang.String, class java.lang.String, class java.lang.String, class java.lang.String, class java.lang.String, class java.lang.String, class java.lang.String, class java.lang.String, class java.lang.String, class java.lang.String, class java.lang.String, class java.lang.String, class java.lang.String, class java.lang.String, class java.lang.String, class java.lang.String, class java.lang.String, class java.lang.String, class java.lang.String, class java.lang.String, class java.lang.String, class java.lang.String, class java.lang.String, class java.lang.String, class java.lang.String, class java.lang.String, class java.lang.String, class java.lang.String, class java.lang.String, class java.lang.String].
For more information on native dependency injection please refer to http://testng.org/doc/documentation-main.html#native-dependency-injection
	at org.testng.internal.Parameters.checkParameterTypes(Parameters.java:244)
	at org.testng.internal.Parameters.createParameters(Parameters.java:172)
	at org.testng.internal.Parameters.createParameters(Parameters.java:458)
	at org.testng.internal.Parameters.handleParameters(Parameters.java:568)
	at org.testng.internal.Invoker.handleParameters(Invoker.java:1293)
	at org.testng.internal.Invoker.createParameters(Invoker.java:1020)
	at org.testng.internal.Invoker.invokeTestMethods(Invoker.java:1110)
	at org.testng.internal.TestMethodWorker.invokeTestMethods(TestMethodWorker.java:129)
	at org.testng.internal.TestMethodWorker.run(TestMethodWorker.java:112)
	at org.testng.TestRunner.privateRun(TestRunner.java:756)
	at org.testng.TestRunner.run(TestRunner.java:610)
	at org.testng.SuiteRunner.runTest(SuiteRunner.java:387)
	at org.testng.SuiteRunner.runSequentially(SuiteRunner.java:382)
	at org.testng.SuiteRunner.privateRun(SuiteRunner.java:340)
	at org.testng.SuiteRunner.run(SuiteRunner.java:289)
	at org.testng.SuiteRunnerWorker.runSuite(SuiteRunnerWorker.java:52)
	at org.testng.SuiteRunnerWorker.run(SuiteRunnerWorker.java:86)
	at org.testng.TestNG.runSuitesSequentially(TestNG.java:1293)
	at org.testng.TestNG.runSuitesLocally(TestNG.java:1218)
	at org.testng.TestNG.runSuites(TestNG.java:1133)
	at org.testng.TestNG.run(TestNG.java:1104)
	at org.testng.remote.AbstractRemoteTestNG.run(AbstractRemoteTestNG.java:132)
	at org.testng.remote.RemoteTestNG.initAndRun(RemoteTestNG.java:230)
	at org.testng.remote.RemoteTestNG.main(RemoteTestNG.java:76)
]]>
    </failure>
  </testcase> <!-- FetchCompanyRecord -->
  <testcase name="CreateNewJoiner" time="0.0" classname="com.test.xcdhr.Salesforce_Core_Framework1.hrms_payroll.Rti_EmployeeCreation.CreateNewRTIEmployees">
    <skipped/>
  </testcase> <!-- CreateNewJoiner -->
  <testcase name="EmployeeCreationNextPage" time="0.0" classname="com.test.xcdhr.Salesforce_Core_Framework1.hrms_payroll.Rti_EmployeeCreation.CreateNewRTIEmployees">
    <skipped/>
  </testcase> <!-- EmployeeCreationNextPage -->
  <testcase name="UpdateEmployeePersonalPage" time="0.0" classname="com.test.xcdhr.Salesforce_Core_Framework1.hrms_payroll.Rti_EmployeeCreation.CreateNewRTIEmployees">
    <skipped/>
  </testcase> <!-- UpdateEmployeePersonalPage -->
  <testcase name="ProcessLeaver" time="0.0" classname="com.test.xcdhr.Salesforce_Core_Framework1.hrms_payroll.Rti_EmployeeCreation.CreateNewRTIEmployees">
    <skipped/>
  </testcase> <!-- ProcessLeaver -->
</testsuite> <!-- Default test -->
