<?xml version="1.0" encoding="UTF-8"?>
<!-- Generated by org.testng.reporters.JUnitXMLReporter -->
<testsuite hostname="XCDHR_2010" ignored="0" name="Default test" tests="3" failures="0" timestamp="18 May 2018 10:37:39 GMT" time="152.774" errors="0">
  <testcase name="toSelectOrgForPerformingAutomationTests" time="36.769" classname="com.test.xcdhr.Salesforce_Core_Framework1.hrms_payrol.StudentLoanAndCourtOrderScenario1.TCOAEO1971civildebtReports"/>
  <testcase name="toToProcessOctPayrollReport" time="58.745" classname="com.test.xcdhr.Salesforce_Core_Framework1.hrms_payrol.StudentLoanAndCourtOrderScenario1.TCOAEO1971civildebtReports"/>
  <testcase name="toToProcessNovPayrollReport" time="54.788" classname="com.test.xcdhr.Salesforce_Core_Framework1.hrms_payrol.StudentLoanAndCourtOrderScenario1.TCOAEO1971civildebtReports"/>
</testsuite> <!-- Default test -->
