<?xml version="1.0" encoding="UTF-8"?>
<!-- Generated by org.testng.reporters.JUnitXMLReporter -->
<testsuite hostname="XCDHR_2010" ignored="0" name="Default test" tests="3" failures="0" timestamp="21 May 2018 07:48:03 GMT" time="155.811" errors="0">
  <testcase name="toSelectOrgForPerformingAutomationTests" time="37.608" classname="com.test.xcdhr.Salesforce_Core_Framework1.hrms_payrol.StudentLoanAndCourtOrderScenario2.CAEO1971civildebtReports"/>
  <testcase name="toToProcessOctPayrollReport" time="61.732" classname="com.test.xcdhr.Salesforce_Core_Framework1.hrms_payrol.StudentLoanAndCourtOrderScenario2.CAEO1971civildebtReports"/>
  <testcase name="toToProcessNovPayrollReport" time="54.328" classname="com.test.xcdhr.Salesforce_Core_Framework1.hrms_payrol.StudentLoanAndCourtOrderScenario2.CAEO1971civildebtReports"/>
</testsuite> <!-- Default test -->
