<?xml version="1.0" encoding="UTF-8"?>
<!-- Generated by org.testng.reporters.JUnitXMLReporter -->
<testsuite hostname="XCDHR_2010" ignored="0" name="Default test" tests="6" failures="0" timestamp="07 May 2018 11:35:00 GMT" time="431.938" errors="0">
  <testcase name="toSelectOrgForPerformingAutomationTests" time="77.366" classname="com.test.xcdhr.Salesforce_Core_Framework1.hrms_payrol.StudentLoanAndCourtOrderScenario1.TCOAEO1971civildebtOctPayroll"/>
  <testcase name="toSetEmployeesNICategory" time="41.314" classname="com.test.xcdhr.Salesforce_Core_Framework1.hrms_payrol.StudentLoanAndCourtOrderScenario1.TCOAEO1971civildebtOctPayroll"/>
  <testcase name="setEmployeesAnnualSalaryAndPayfrequency" time="37.527" classname="com.test.xcdhr.Salesforce_Core_Framework1.hrms_payrol.StudentLoanAndCourtOrderScenario1.TCOAEO1971civildebtOctPayroll"/>
  <testcase name="toProcessPayroll" time="147.143" classname="com.test.xcdhr.Salesforce_Core_Framework1.hrms_payrol.StudentLoanAndCourtOrderScenario1.TCOAEO1971civildebtOctPayroll"/>
  <testcase name="toSelectEmployeesToProcessPayroll" time="67.637" classname="com.test.xcdhr.Salesforce_Core_Framework1.hrms_payrol.StudentLoanAndCourtOrderScenario1.TCOAEO1971civildebtOctPayroll"/>
  <testcase name="toSearchAndProcessReport" time="58.435" classname="com.test.xcdhr.Salesforce_Core_Framework1.hrms_payrol.StudentLoanAndCourtOrderScenario1.TCOAEO1971civildebtOctPayroll"/>
</testsuite> <!-- Default test -->
