<?xml version="1.0" encoding="UTF-8"?>
<!-- Generated by org.testng.reporters.JUnitXMLReporter -->
<testsuite hostname="XCDHR_2010" ignored="0" name="Default test" tests="4" failures="0" timestamp="23 May 2018 10:27:05 GMT" time="210.405" errors="0">
  <testcase name="toSelectOrgForPerformingAutomationTests" time="36.776" classname="com.test.xcdhr.Salesforce_Core_Framework1.hrms_payrol.StudentLoanAndCourtOrderScenario4.PAEO1971MaintnceReports"/>
  <testcase name="toProcessOctPayrollReport" time="60.449" classname="com.test.xcdhr.Salesforce_Core_Framework1.hrms_payrol.StudentLoanAndCourtOrderScenario4.PAEO1971MaintnceReports"/>
  <testcase name="toToProcessDecPayrollReport" time="53.529" classname="com.test.xcdhr.Salesforce_Core_Framework1.hrms_payrol.StudentLoanAndCourtOrderScenario4.PAEO1971MaintnceReports"/>
  <testcase name="toProcessNovPayrollReport" time="56.905" classname="com.test.xcdhr.Salesforce_Core_Framework1.hrms_payrol.StudentLoanAndCourtOrderScenario4.PAEO1971MaintnceReports"/>
</testsuite> <!-- Default test -->
