<?xml version="1.0" encoding="UTF-8"?>
<!-- Generated by org.testng.reporters.JUnitXMLReporter -->
<testsuite hostname="ConsLeague-PC11" ignored="0" name="Default test" tests="34" failures="0" timestamp="17 Nov 2017 13:41:02 GMT" time="1498.553" errors="0">
  <testcase name="EmpsSetup_ForMonthlyTaxRate" time="88.555" classname="com.test.xcdhr.Salesforce_Core_Framework1.hrms_payroll.IncomeTax_Genrl_and_Large_Taxcod_Monthly.GeneralTaxRateMonthly"/>
  <testcase name="EmpsSetup_ForMonthlyTaxRate" time="73.325" classname="com.test.xcdhr.Salesforce_Core_Framework1.hrms_payroll.IncomeTax_Genrl_and_Large_Taxcod_Monthly.GeneralTaxRateMonthly"/>
  <testcase name="EmpsSetup_ForMonthlyTaxRate" time="37.776" classname="com.test.xcdhr.Salesforce_Core_Framework1.hrms_payroll.IncomeTax_Genrl_and_Large_Taxcod_Monthly.GeneralTaxRateMonthly"/>
  <testcase name="EmpsSetup_ForMonthlyTaxRate" time="38.385" classname="com.test.xcdhr.Salesforce_Core_Framework1.hrms_payroll.IncomeTax_Genrl_and_Large_Taxcod_Monthly.GeneralTaxRateMonthly"/>
  <testcase name="EmpsSetup_ForMonthlyTaxRate" time="38.115" classname="com.test.xcdhr.Salesforce_Core_Framework1.hrms_payroll.IncomeTax_Genrl_and_Large_Taxcod_Monthly.GeneralTaxRateMonthly"/>
  <testcase name="EmpsSetup_ForMonthlyTaxRate" time="38.127" classname="com.test.xcdhr.Salesforce_Core_Framework1.hrms_payroll.IncomeTax_Genrl_and_Large_Taxcod_Monthly.GeneralTaxRateMonthly"/>
  <testcase name="EmpsSetup_ForMonthlyTaxRate" time="38.132" classname="com.test.xcdhr.Salesforce_Core_Framework1.hrms_payroll.IncomeTax_Genrl_and_Large_Taxcod_Monthly.GeneralTaxRateMonthly"/>
  <testcase name="EmpsSetup_ForMonthlyTaxRate" time="37.97" classname="com.test.xcdhr.Salesforce_Core_Framework1.hrms_payroll.IncomeTax_Genrl_and_Large_Taxcod_Monthly.GeneralTaxRateMonthly"/>
  <testcase name="EmpsSetup_ForMonthlyTaxRate" time="38.884" classname="com.test.xcdhr.Salesforce_Core_Framework1.hrms_payroll.IncomeTax_Genrl_and_Large_Taxcod_Monthly.GeneralTaxRateMonthly"/>
  <testcase name="EmpsSetup_ForMonthlyTaxRate" time="38.289" classname="com.test.xcdhr.Salesforce_Core_Framework1.hrms_payroll.IncomeTax_Genrl_and_Large_Taxcod_Monthly.GeneralTaxRateMonthly"/>
  <testcase name="EmpsSetup_ForMonthlyTaxRate" time="39.058" classname="com.test.xcdhr.Salesforce_Core_Framework1.hrms_payroll.IncomeTax_Genrl_and_Large_Taxcod_Monthly.GeneralTaxRateMonthly"/>
  <testcase name="EmpsSetup_ForMonthlyTaxRate" time="38.822" classname="com.test.xcdhr.Salesforce_Core_Framework1.hrms_payroll.IncomeTax_Genrl_and_Large_Taxcod_Monthly.GeneralTaxRateMonthly"/>
  <testcase name="EmpsSetup_ForMonthlyTaxRate" time="38.875" classname="com.test.xcdhr.Salesforce_Core_Framework1.hrms_payroll.IncomeTax_Genrl_and_Large_Taxcod_Monthly.GeneralTaxRateMonthly"/>
  <testcase name="EmpsSetup_ForMonthlyTaxRate" time="38.645" classname="com.test.xcdhr.Salesforce_Core_Framework1.hrms_payroll.IncomeTax_Genrl_and_Large_Taxcod_Monthly.GeneralTaxRateMonthly"/>
  <testcase name="EmpsSetup_ForMonthlyTaxRate" time="38.633" classname="com.test.xcdhr.Salesforce_Core_Framework1.hrms_payroll.IncomeTax_Genrl_and_Large_Taxcod_Monthly.GeneralTaxRateMonthly"/>
  <testcase name="EmpsSetup_ForMonthlyTaxRate" time="39.17" classname="com.test.xcdhr.Salesforce_Core_Framework1.hrms_payroll.IncomeTax_Genrl_and_Large_Taxcod_Monthly.GeneralTaxRateMonthly"/>
  <testcase name="EmpsSetup_ForMonthlyTaxRate" time="38.743" classname="com.test.xcdhr.Salesforce_Core_Framework1.hrms_payroll.IncomeTax_Genrl_and_Large_Taxcod_Monthly.GeneralTaxRateMonthly"/>
  <testcase name="EmpsSetup_WithAnnualSalary" time="53.318" classname="com.test.xcdhr.Salesforce_Core_Framework1.hrms_payroll.IncomeTax_Genrl_and_Large_Taxcod_Monthly.GeneralTaxRateMonthly"/>
  <testcase name="EmpsSetup_WithAnnualSalary" time="77.363" classname="com.test.xcdhr.Salesforce_Core_Framework1.hrms_payroll.IncomeTax_Genrl_and_Large_Taxcod_Monthly.GeneralTaxRateMonthly"/>
  <testcase name="EmpsSetup_WithAnnualSalary" time="34.817" classname="com.test.xcdhr.Salesforce_Core_Framework1.hrms_payroll.IncomeTax_Genrl_and_Large_Taxcod_Monthly.GeneralTaxRateMonthly"/>
  <testcase name="EmpsSetup_WithAnnualSalary" time="34.926" classname="com.test.xcdhr.Salesforce_Core_Framework1.hrms_payroll.IncomeTax_Genrl_and_Large_Taxcod_Monthly.GeneralTaxRateMonthly"/>
  <testcase name="EmpsSetup_WithAnnualSalary" time="34.894" classname="com.test.xcdhr.Salesforce_Core_Framework1.hrms_payroll.IncomeTax_Genrl_and_Large_Taxcod_Monthly.GeneralTaxRateMonthly"/>
  <testcase name="EmpsSetup_WithAnnualSalary" time="35.048" classname="com.test.xcdhr.Salesforce_Core_Framework1.hrms_payroll.IncomeTax_Genrl_and_Large_Taxcod_Monthly.GeneralTaxRateMonthly"/>
  <testcase name="EmpsSetup_WithAnnualSalary" time="34.989" classname="com.test.xcdhr.Salesforce_Core_Framework1.hrms_payroll.IncomeTax_Genrl_and_Large_Taxcod_Monthly.GeneralTaxRateMonthly"/>
  <testcase name="EmpsSetup_WithAnnualSalary" time="35.053" classname="com.test.xcdhr.Salesforce_Core_Framework1.hrms_payroll.IncomeTax_Genrl_and_Large_Taxcod_Monthly.GeneralTaxRateMonthly"/>
  <testcase name="EmpsSetup_WithAnnualSalary" time="35.132" classname="com.test.xcdhr.Salesforce_Core_Framework1.hrms_payroll.IncomeTax_Genrl_and_Large_Taxcod_Monthly.GeneralTaxRateMonthly"/>
  <testcase name="EmpsSetup_WithAnnualSalary" time="35.005" classname="com.test.xcdhr.Salesforce_Core_Framework1.hrms_payroll.IncomeTax_Genrl_and_Large_Taxcod_Monthly.GeneralTaxRateMonthly"/>
  <testcase name="EmpsSetup_WithAnnualSalary" time="35.078" classname="com.test.xcdhr.Salesforce_Core_Framework1.hrms_payroll.IncomeTax_Genrl_and_Large_Taxcod_Monthly.GeneralTaxRateMonthly"/>
  <testcase name="EmpsSetup_WithAnnualSalary" time="35.271" classname="com.test.xcdhr.Salesforce_Core_Framework1.hrms_payroll.IncomeTax_Genrl_and_Large_Taxcod_Monthly.GeneralTaxRateMonthly"/>
  <testcase name="EmpsSetup_WithAnnualSalary" time="35.163" classname="com.test.xcdhr.Salesforce_Core_Framework1.hrms_payroll.IncomeTax_Genrl_and_Large_Taxcod_Monthly.GeneralTaxRateMonthly"/>
  <testcase name="EmpsSetup_WithAnnualSalary" time="35.288" classname="com.test.xcdhr.Salesforce_Core_Framework1.hrms_payroll.IncomeTax_Genrl_and_Large_Taxcod_Monthly.GeneralTaxRateMonthly"/>
  <testcase name="EmpsSetup_WithAnnualSalary" time="35.421" classname="com.test.xcdhr.Salesforce_Core_Framework1.hrms_payroll.IncomeTax_Genrl_and_Large_Taxcod_Monthly.GeneralTaxRateMonthly"/>
  <testcase name="EmpsSetup_WithAnnualSalary" time="35.423" classname="com.test.xcdhr.Salesforce_Core_Framework1.hrms_payroll.IncomeTax_Genrl_and_Large_Taxcod_Monthly.GeneralTaxRateMonthly"/>
  <testcase name="EmpsSetup_WithAnnualSalary" time="35.309" classname="com.test.xcdhr.Salesforce_Core_Framework1.hrms_payroll.IncomeTax_Genrl_and_Large_Taxcod_Monthly.GeneralTaxRateMonthly"/>
</testsuite> <!-- Default test -->
