<?xml version="1.0" encoding="UTF-8"?>
<!-- Generated by org.testng.reporters.JUnitXMLReporter -->
<testsuite hostname="ConsLeague-PC11" ignored="0" name="Default test" tests="2" failures="0" timestamp="22 Nov 2017 10:07:20 GMT" time="245.369" errors="0">
  <testcase name="EmpsSetup_ForMonthlyTaxRate" time="139.511" classname="com.test.xcdhr.Salesforce_Core_Framework1.hrms_payroll.rti_Payroll_Scenario1_Month1.UpdteTaxCodeAndAnualSalaryM1"/>
  <testcase name="EmpsSetup_WithAnnualSalary" time="81.208" classname="com.test.xcdhr.Salesforce_Core_Framework1.hrms_payroll.rti_Payroll_Scenario1_Month1.UpdteTaxCodeAndAnualSalaryM1"/>
</testsuite> <!-- Default test -->
