<?xml version="1.0" encoding="UTF-8"?>
<!-- Generated by org.testng.reporters.JUnitXMLReporter -->
<testsuite hostname="XCDHR_2010" ignored="0" name="Default test" tests="4" failures="0" timestamp="06 Jun 2018 07:44:01 GMT" time="229.255" errors="0">
  <testcase name="toSelectOrgForPerformingAutomationTests" time="50.612" classname="com.test.xcdhr.Salesforce_Core_Framework1.hrms_payrol.StudentLoanAndCourtOrderScenario6.PAEO2003FineReports"/>
  <testcase name="toProcessOctPayrollReport" time="56.963" classname="com.test.xcdhr.Salesforce_Core_Framework1.hrms_payrol.StudentLoanAndCourtOrderScenario6.PAEO2003FineReports"/>
  <testcase name="ToProcessNovPayrollReport" time="58.418" classname="com.test.xcdhr.Salesforce_Core_Framework1.hrms_payrol.StudentLoanAndCourtOrderScenario6.PAEO2003FineReports"/>
  <testcase name="toProcessDecPayrollReport" time="57.426" classname="com.test.xcdhr.Salesforce_Core_Framework1.hrms_payrol.StudentLoanAndCourtOrderScenario6.PAEO2003FineReports"/>
</testsuite> <!-- Default test -->
