<?xml version="1.0" encoding="UTF-8"?>
<!-- Generated by org.testng.reporters.JUnitXMLReporter -->
<testsuite hostname="DESKTOP-OAEFISL" ignored="0" name="Default test" tests="2" failures="0" timestamp="23 Nov 2017 12:34:49 GMT" time="112.594" errors="0">
  <testcase name="EmpsSetup_ForMonthlyTaxRate" time="62.482" classname="com.test.xcdhr.Salesforce_Core_Framework1.hrms_payroll.rti_Payroll_Scenario4_Month1.UpdteTaxCodeAndAnualSalaryM1"/>
  <testcase name="EmpsSetup_WithAnnualSalary" time="34.62" classname="com.test.xcdhr.Salesforce_Core_Framework1.hrms_payroll.rti_Payroll_Scenario4_Month1.UpdteTaxCodeAndAnualSalaryM1"/>
</testsuite> <!-- Default test -->
