<?xml version="1.0" encoding="UTF-8"?>
<!-- Generated by org.testng.reporters.JUnitXMLReporter -->
<testsuite hostname="XCDHR_2010" ignored="0" name="Default test" tests="4" failures="0" timestamp="18 Jun 2018 08:06:08 GMT" time="201.164" errors="0">
  <testcase name="toSelectOrgForPerformingAutomationTests" time="31.378" classname="com.test.xcdhr.Salesforce_Core_Framework1.hrms_payrol.StudentLoanAndCourtOrderScenario7.CTAEOCouncilTaxReports"/>
  <testcase name="toProcessOctPayrollReport" time="56.41" classname="com.test.xcdhr.Salesforce_Core_Framework1.hrms_payrol.StudentLoanAndCourtOrderScenario7.CTAEOCouncilTaxReports"/>
  <testcase name="ToProcessNovPayrollReport" time="55.558" classname="com.test.xcdhr.Salesforce_Core_Framework1.hrms_payrol.StudentLoanAndCourtOrderScenario7.CTAEOCouncilTaxReports"/>
  <testcase name="toProcessDecPayrollReport" time="55.362" classname="com.test.xcdhr.Salesforce_Core_Framework1.hrms_payrol.StudentLoanAndCourtOrderScenario7.CTAEOCouncilTaxReports"/>
</testsuite> <!-- Default test -->
