<?xml version="1.0" encoding="UTF-8"?>
<!-- Generated by org.testng.reporters.JUnitXMLReporter -->
<testsuite hostname="XCDHR_2010" ignored="0" name="Default test" tests="3" failures="0" timestamp="02 May 2018 11:18:41 GMT" time="110.324" errors="0">
  <testcase name="gotoOrg" time="35.463" classname="com.testcase.xcdhr.Salaesforce_Core_Framework1.hrms_payroll.TestCourtOrderAEO1971civildebt_Scenario.TestCourtOrderAEO1971civildebt"/>
  <testcase name="EmpsSetup_WithNICategory1" time="30.737" classname="com.testcase.xcdhr.Salaesforce_Core_Framework1.hrms_payroll.TestCourtOrderAEO1971civildebt_Scenario.TestCourtOrderAEO1971civildebt"/>
  <testcase name="EmpsSetup_WithAnnualSalary" time="40.719" classname="com.testcase.xcdhr.Salaesforce_Core_Framework1.hrms_payroll.TestCourtOrderAEO1971civildebt_Scenario.TestCourtOrderAEO1971civildebt"/>
</testsuite> <!-- Default test -->
