<?xml version="1.0" encoding="UTF-8"?>
<!-- Generated by org.testng.reporters.JUnitXMLReporter -->
<testsuite hostname="ConsLeague-PC11" ignored="0" name="Default test" tests="2" failures="0" timestamp="06 Dec 2017 13:27:57 GMT" time="251.794" errors="0">
  <testcase name="EmpsSetup_ForMonthlyTaxRate" time="171.714" classname="com.test.xcdhr.Salesforce_Core_Framework1.hrms_payroll.hrms_Payroll_SAP_Statutory_Scenario.UpdateTaxCodeAndAnnualSalary"/>
  <testcase name="EmpsSetup_WithAnnualSalary" time="61.726" classname="com.test.xcdhr.Salesforce_Core_Framework1.hrms_payroll.hrms_Payroll_SAP_Statutory_Scenario.UpdateTaxCodeAndAnnualSalary"/>
</testsuite> <!-- Default test -->
