<?xml version="1.0" encoding="UTF-8"?>
<!-- Generated by org.testng.reporters.JUnitXMLReporter -->
<testsuite hostname="ConsLeague-PC11" ignored="0" name="Default test" tests="14" failures="0" timestamp="08 Dec 2017 06:27:21 GMT" time="284.18" errors="0">
  <testcase name="EmpsPayroll_Setup_ForIncomeTax" time="227.532" classname="com.test.xcdhr.Salesforce_Core_Framework1.hrms_payroll.IncomeTax_TCWeek1LDOD1BRNTOTK50RL.ProcessPayrollForWeeklyTax"/>
  <testcase name="EmpsPayroll_Setup_ForIncomeTax" time="0.684" classname="com.test.xcdhr.Salesforce_Core_Framework1.hrms_payroll.IncomeTax_TCWeek1LDOD1BRNTOTK50RL.ProcessPayrollForWeeklyTax"/>
  <testcase name="EmpsPayroll_Setup_ForIncomeTax" time="0.698" classname="com.test.xcdhr.Salesforce_Core_Framework1.hrms_payroll.IncomeTax_TCWeek1LDOD1BRNTOTK50RL.ProcessPayrollForWeeklyTax"/>
  <testcase name="EmpsPayroll_Setup_ForIncomeTax" time="0.699" classname="com.test.xcdhr.Salesforce_Core_Framework1.hrms_payroll.IncomeTax_TCWeek1LDOD1BRNTOTK50RL.ProcessPayrollForWeeklyTax"/>
  <testcase name="EmpsPayroll_Setup_ForIncomeTax" time="0.686" classname="com.test.xcdhr.Salesforce_Core_Framework1.hrms_payroll.IncomeTax_TCWeek1LDOD1BRNTOTK50RL.ProcessPayrollForWeeklyTax"/>
  <testcase name="EmpsPayroll_Setup_ForIncomeTax" time="0.701" classname="com.test.xcdhr.Salesforce_Core_Framework1.hrms_payroll.IncomeTax_TCWeek1LDOD1BRNTOTK50RL.ProcessPayrollForWeeklyTax"/>
  <testcase name="EmpsPayroll_Setup_ForIncomeTax" time="0.686" classname="com.test.xcdhr.Salesforce_Core_Framework1.hrms_payroll.IncomeTax_TCWeek1LDOD1BRNTOTK50RL.ProcessPayrollForWeeklyTax"/>
  <testcase name="EmpsPayroll_Setup_ForIncomeTax" time="0.741" classname="com.test.xcdhr.Salesforce_Core_Framework1.hrms_payroll.IncomeTax_TCWeek1LDOD1BRNTOTK50RL.ProcessPayrollForWeeklyTax"/>
  <testcase name="EmpsPayroll_Setup_ForIncomeTax" time="0.802" classname="com.test.xcdhr.Salesforce_Core_Framework1.hrms_payroll.IncomeTax_TCWeek1LDOD1BRNTOTK50RL.ProcessPayrollForWeeklyTax"/>
  <testcase name="EmpsPayroll_Setup_ForIncomeTax" time="0.709" classname="com.test.xcdhr.Salesforce_Core_Framework1.hrms_payroll.IncomeTax_TCWeek1LDOD1BRNTOTK50RL.ProcessPayrollForWeeklyTax"/>
  <testcase name="EmpsPayroll_Setup_ForIncomeTax" time="0.711" classname="com.test.xcdhr.Salesforce_Core_Framework1.hrms_payroll.IncomeTax_TCWeek1LDOD1BRNTOTK50RL.ProcessPayrollForWeeklyTax"/>
  <testcase name="EmpsPayroll_Setup_ForIncomeTax" time="0.842" classname="com.test.xcdhr.Salesforce_Core_Framework1.hrms_payroll.IncomeTax_TCWeek1LDOD1BRNTOTK50RL.ProcessPayrollForWeeklyTax"/>
  <testcase name="EmpsPayroll_Setup_ForIncomeTax" time="0.804" classname="com.test.xcdhr.Salesforce_Core_Framework1.hrms_payroll.IncomeTax_TCWeek1LDOD1BRNTOTK50RL.ProcessPayrollForWeeklyTax"/>
  <testcase name="EmpsPayroll_Setup_ForIncomeTax" time="0.801" classname="com.test.xcdhr.Salesforce_Core_Framework1.hrms_payroll.IncomeTax_TCWeek1LDOD1BRNTOTK50RL.ProcessPayrollForWeeklyTax"/>
</testsuite> <!-- Default test -->
