<?xml version="1.0" encoding="UTF-8"?>
<!-- Generated by org.testng.reporters.JUnitXMLReporter -->
<testsuite hostname="DESKTOP-OAEFISL" ignored="0" name="2" tests="18" failures="0" timestamp="01 Jun 2018 13:26:39 GMT" time="741.963" errors="0">
  <testcase name="EmpsSetup_WithNICategory" time="127.116" classname="com.test.xcdhr.Salesforce_Core_Framework1.hrms_payroll.NI_TwoweeklyCatA.NI2WeeklyCat_A"/>
  <testcase name="EmpsSetup_WithNICategory" time="24.911" classname="com.test.xcdhr.Salesforce_Core_Framework1.hrms_payroll.NI_TwoweeklyCatA.NI2WeeklyCat_A"/>
  <testcase name="EmpsSetup_WithNICategory" time="24.457" classname="com.test.xcdhr.Salesforce_Core_Framework1.hrms_payroll.NI_TwoweeklyCatA.NI2WeeklyCat_A"/>
  <testcase name="EmpsSetup_WithNICategory" time="25.419" classname="com.test.xcdhr.Salesforce_Core_Framework1.hrms_payroll.NI_TwoweeklyCatA.NI2WeeklyCat_A"/>
  <testcase name="EmpsSetup_WithNICategory" time="24.726" classname="com.test.xcdhr.Salesforce_Core_Framework1.hrms_payroll.NI_TwoweeklyCatA.NI2WeeklyCat_A"/>
  <testcase name="EmpsSetup_WithNICategory" time="24.541" classname="com.test.xcdhr.Salesforce_Core_Framework1.hrms_payroll.NI_TwoweeklyCatA.NI2WeeklyCat_A"/>
  <testcase name="EmpsSetup_WithNICategory" time="25.281" classname="com.test.xcdhr.Salesforce_Core_Framework1.hrms_payroll.NI_TwoweeklyCatA.NI2WeeklyCat_A"/>
  <testcase name="EmpsSetup_WithNICategory" time="25.41" classname="com.test.xcdhr.Salesforce_Core_Framework1.hrms_payroll.NI_TwoweeklyCatA.NI2WeeklyCat_A"/>
  <testcase name="EmpsSetup_WithNICategory" time="33.53" classname="com.test.xcdhr.Salesforce_Core_Framework1.hrms_payroll.NI_TwoweeklyCatA.NI2WeeklyCat_A"/>
  <testcase name="EmpsSetup_WithAnnualSalary" time="54.318" classname="com.test.xcdhr.Salesforce_Core_Framework1.hrms_payroll.NI_TwoweeklyCatA.NI2WeeklyCat_A"/>
  <testcase name="EmpsSetup_WithAnnualSalary" time="38.441" classname="com.test.xcdhr.Salesforce_Core_Framework1.hrms_payroll.NI_TwoweeklyCatA.NI2WeeklyCat_A"/>
  <testcase name="EmpsSetup_WithAnnualSalary" time="38.792" classname="com.test.xcdhr.Salesforce_Core_Framework1.hrms_payroll.NI_TwoweeklyCatA.NI2WeeklyCat_A"/>
  <testcase name="EmpsSetup_WithAnnualSalary" time="38.802" classname="com.test.xcdhr.Salesforce_Core_Framework1.hrms_payroll.NI_TwoweeklyCatA.NI2WeeklyCat_A"/>
  <testcase name="EmpsSetup_WithAnnualSalary" time="39.442" classname="com.test.xcdhr.Salesforce_Core_Framework1.hrms_payroll.NI_TwoweeklyCatA.NI2WeeklyCat_A"/>
  <testcase name="EmpsSetup_WithAnnualSalary" time="38.114" classname="com.test.xcdhr.Salesforce_Core_Framework1.hrms_payroll.NI_TwoweeklyCatA.NI2WeeklyCat_A"/>
  <testcase name="EmpsSetup_WithAnnualSalary" time="39.115" classname="com.test.xcdhr.Salesforce_Core_Framework1.hrms_payroll.NI_TwoweeklyCatA.NI2WeeklyCat_A"/>
  <testcase name="EmpsSetup_WithAnnualSalary" time="40.109" classname="com.test.xcdhr.Salesforce_Core_Framework1.hrms_payroll.NI_TwoweeklyCatA.NI2WeeklyCat_A"/>
  <testcase name="EmpsSetup_WithAnnualSalary" time="48.75" classname="com.test.xcdhr.Salesforce_Core_Framework1.hrms_payroll.NI_TwoweeklyCatA.NI2WeeklyCat_A"/>
</testsuite> <!-- 2 -->
