<?xml version="1.0" encoding="UTF-8"?>
<!-- Generated by org.testng.reporters.JUnitXMLReporter -->
<testsuite hostname="DESKTOP-OAEFISL" ignored="0" name="3" tests="9" failures="0" timestamp="01 Jun 2018 13:32:06 GMT" time="326.973" errors="0">
  <testcase name="EmpsPayroll_Setup_ForIncomeTax" time="235.964" classname="com.test.xcdhr.Salesforce_Core_Framework1.hrms_payroll.NI_TwoweeklyCatA.ProcessPayrollForNIWeekly"/>
  <testcase name="EmpsPayroll_Setup_ForIncomeTax" time="0.566" classname="com.test.xcdhr.Salesforce_Core_Framework1.hrms_payroll.NI_TwoweeklyCatA.ProcessPayrollForNIWeekly"/>
  <testcase name="EmpsPayroll_Setup_ForIncomeTax" time="0.571" classname="com.test.xcdhr.Salesforce_Core_Framework1.hrms_payroll.NI_TwoweeklyCatA.ProcessPayrollForNIWeekly"/>
  <testcase name="EmpsPayroll_Setup_ForIncomeTax" time="0.624" classname="com.test.xcdhr.Salesforce_Core_Framework1.hrms_payroll.NI_TwoweeklyCatA.ProcessPayrollForNIWeekly"/>
  <testcase name="EmpsPayroll_Setup_ForIncomeTax" time="0.63" classname="com.test.xcdhr.Salesforce_Core_Framework1.hrms_payroll.NI_TwoweeklyCatA.ProcessPayrollForNIWeekly"/>
  <testcase name="EmpsPayroll_Setup_ForIncomeTax" time="0.546" classname="com.test.xcdhr.Salesforce_Core_Framework1.hrms_payroll.NI_TwoweeklyCatA.ProcessPayrollForNIWeekly"/>
  <testcase name="EmpsPayroll_Setup_ForIncomeTax" time="0.649" classname="com.test.xcdhr.Salesforce_Core_Framework1.hrms_payroll.NI_TwoweeklyCatA.ProcessPayrollForNIWeekly"/>
  <testcase name="EmpsPayroll_Setup_ForIncomeTax" time="0.689" classname="com.test.xcdhr.Salesforce_Core_Framework1.hrms_payroll.NI_TwoweeklyCatA.ProcessPayrollForNIWeekly"/>
  <testcase name="EmpsPayroll_Setup_ForIncomeTax" time="72.35" classname="com.test.xcdhr.Salesforce_Core_Framework1.hrms_payroll.NI_TwoweeklyCatA.ProcessPayrollForNIWeekly"/>
</testsuite> <!-- 3 -->
