<?xml version="1.0" encoding="UTF-8"?>
<!-- Generated by org.testng.reporters.JUnitXMLReporter -->
<testsuite hostname="DESKTOP-OAEFISL" ignored="0" name="2" tests="18" failures="0" timestamp="01 Jun 2018 10:44:29 GMT" time="634.479" errors="0">
  <testcase name="EmpsSetup_WithNICategory" time="119.68" classname="com.test.xcdhr.Salesforce_Core_Framework1.hrms_payroll.NI_weeklyCatA.NIWeeklyCat_A"/>
  <testcase name="EmpsSetup_WithNICategory" time="21.992" classname="com.test.xcdhr.Salesforce_Core_Framework1.hrms_payroll.NI_weeklyCatA.NIWeeklyCat_A"/>
  <testcase name="EmpsSetup_WithNICategory" time="22.955" classname="com.test.xcdhr.Salesforce_Core_Framework1.hrms_payroll.NI_weeklyCatA.NIWeeklyCat_A"/>
  <testcase name="EmpsSetup_WithNICategory" time="22.165" classname="com.test.xcdhr.Salesforce_Core_Framework1.hrms_payroll.NI_weeklyCatA.NIWeeklyCat_A"/>
  <testcase name="EmpsSetup_WithNICategory" time="21.997" classname="com.test.xcdhr.Salesforce_Core_Framework1.hrms_payroll.NI_weeklyCatA.NIWeeklyCat_A"/>
  <testcase name="EmpsSetup_WithNICategory" time="22.241" classname="com.test.xcdhr.Salesforce_Core_Framework1.hrms_payroll.NI_weeklyCatA.NIWeeklyCat_A"/>
  <testcase name="EmpsSetup_WithNICategory" time="22.427" classname="com.test.xcdhr.Salesforce_Core_Framework1.hrms_payroll.NI_weeklyCatA.NIWeeklyCat_A"/>
  <testcase name="EmpsSetup_WithNICategory" time="22.32" classname="com.test.xcdhr.Salesforce_Core_Framework1.hrms_payroll.NI_weeklyCatA.NIWeeklyCat_A"/>
  <testcase name="EmpsSetup_WithNICategory" time="22.177" classname="com.test.xcdhr.Salesforce_Core_Framework1.hrms_payroll.NI_weeklyCatA.NIWeeklyCat_A"/>
  <testcase name="EmpsSetup_WithAnnualSalary" time="46.943" classname="com.test.xcdhr.Salesforce_Core_Framework1.hrms_payroll.NI_weeklyCatA.NIWeeklyCat_A"/>
  <testcase name="EmpsSetup_WithAnnualSalary" time="32.895" classname="com.test.xcdhr.Salesforce_Core_Framework1.hrms_payroll.NI_weeklyCatA.NIWeeklyCat_A"/>
  <testcase name="EmpsSetup_WithAnnualSalary" time="32.248" classname="com.test.xcdhr.Salesforce_Core_Framework1.hrms_payroll.NI_weeklyCatA.NIWeeklyCat_A"/>
  <testcase name="EmpsSetup_WithAnnualSalary" time="32.148" classname="com.test.xcdhr.Salesforce_Core_Framework1.hrms_payroll.NI_weeklyCatA.NIWeeklyCat_A"/>
  <testcase name="EmpsSetup_WithAnnualSalary" time="32.2" classname="com.test.xcdhr.Salesforce_Core_Framework1.hrms_payroll.NI_weeklyCatA.NIWeeklyCat_A"/>
  <testcase name="EmpsSetup_WithAnnualSalary" time="32.462" classname="com.test.xcdhr.Salesforce_Core_Framework1.hrms_payroll.NI_weeklyCatA.NIWeeklyCat_A"/>
  <testcase name="EmpsSetup_WithAnnualSalary" time="32.982" classname="com.test.xcdhr.Salesforce_Core_Framework1.hrms_payroll.NI_weeklyCatA.NIWeeklyCat_A"/>
  <testcase name="EmpsSetup_WithAnnualSalary" time="32.627" classname="com.test.xcdhr.Salesforce_Core_Framework1.hrms_payroll.NI_weeklyCatA.NIWeeklyCat_A"/>
  <testcase name="EmpsSetup_WithAnnualSalary" time="32.838" classname="com.test.xcdhr.Salesforce_Core_Framework1.hrms_payroll.NI_weeklyCatA.NIWeeklyCat_A"/>
</testsuite> <!-- 2 -->
