<?xml version="1.0" encoding="UTF-8"?>
<!-- Generated by org.testng.reporters.JUnitXMLReporter -->
<testsuite hostname="DESKTOP-OAEFISL" ignored="0" name="2" tests="18" failures="0" timestamp="09 Apr 2018 11:12:49 GMT" time="651.822" errors="0">
  <testcase name="EmpsSetup_WithNICategory" time="138.774" classname="com.test.xcdhr.Salesforce_Core_Framework1.hrms_payroll.NI_MonthlyCatB.NIMonthlyCat_B"/>
  <testcase name="EmpsSetup_WithNICategory" time="20.755" classname="com.test.xcdhr.Salesforce_Core_Framework1.hrms_payroll.NI_MonthlyCatB.NIMonthlyCat_B"/>
  <testcase name="EmpsSetup_WithNICategory" time="20.732" classname="com.test.xcdhr.Salesforce_Core_Framework1.hrms_payroll.NI_MonthlyCatB.NIMonthlyCat_B"/>
  <testcase name="EmpsSetup_WithNICategory" time="20.634" classname="com.test.xcdhr.Salesforce_Core_Framework1.hrms_payroll.NI_MonthlyCatB.NIMonthlyCat_B"/>
  <testcase name="EmpsSetup_WithNICategory" time="20.62" classname="com.test.xcdhr.Salesforce_Core_Framework1.hrms_payroll.NI_MonthlyCatB.NIMonthlyCat_B"/>
  <testcase name="EmpsSetup_WithNICategory" time="20.613" classname="com.test.xcdhr.Salesforce_Core_Framework1.hrms_payroll.NI_MonthlyCatB.NIMonthlyCat_B"/>
  <testcase name="EmpsSetup_WithNICategory" time="21.546" classname="com.test.xcdhr.Salesforce_Core_Framework1.hrms_payroll.NI_MonthlyCatB.NIMonthlyCat_B"/>
  <testcase name="EmpsSetup_WithNICategory" time="22.364" classname="com.test.xcdhr.Salesforce_Core_Framework1.hrms_payroll.NI_MonthlyCatB.NIMonthlyCat_B"/>
  <testcase name="EmpsSetup_WithNICategory" time="22.016" classname="com.test.xcdhr.Salesforce_Core_Framework1.hrms_payroll.NI_MonthlyCatB.NIMonthlyCat_B"/>
  <testcase name="EmpsSetup_WithAnnualSalary" time="78.731" classname="com.test.xcdhr.Salesforce_Core_Framework1.hrms_payroll.NI_MonthlyCatB.NIMonthlyCat_B"/>
  <testcase name="EmpsSetup_WithAnnualSalary" time="28.569" classname="com.test.xcdhr.Salesforce_Core_Framework1.hrms_payroll.NI_MonthlyCatB.NIMonthlyCat_B"/>
  <testcase name="EmpsSetup_WithAnnualSalary" time="29.538" classname="com.test.xcdhr.Salesforce_Core_Framework1.hrms_payroll.NI_MonthlyCatB.NIMonthlyCat_B"/>
  <testcase name="EmpsSetup_WithAnnualSalary" time="29.241" classname="com.test.xcdhr.Salesforce_Core_Framework1.hrms_payroll.NI_MonthlyCatB.NIMonthlyCat_B"/>
  <testcase name="EmpsSetup_WithAnnualSalary" time="29.194" classname="com.test.xcdhr.Salesforce_Core_Framework1.hrms_payroll.NI_MonthlyCatB.NIMonthlyCat_B"/>
  <testcase name="EmpsSetup_WithAnnualSalary" time="29.615" classname="com.test.xcdhr.Salesforce_Core_Framework1.hrms_payroll.NI_MonthlyCatB.NIMonthlyCat_B"/>
  <testcase name="EmpsSetup_WithAnnualSalary" time="29.579" classname="com.test.xcdhr.Salesforce_Core_Framework1.hrms_payroll.NI_MonthlyCatB.NIMonthlyCat_B"/>
  <testcase name="EmpsSetup_WithAnnualSalary" time="30.631" classname="com.test.xcdhr.Salesforce_Core_Framework1.hrms_payroll.NI_MonthlyCatB.NIMonthlyCat_B"/>
  <testcase name="EmpsSetup_WithAnnualSalary" time="28.791" classname="com.test.xcdhr.Salesforce_Core_Framework1.hrms_payroll.NI_MonthlyCatB.NIMonthlyCat_B"/>
</testsuite> <!-- 2 -->
