<?xml version="1.0" encoding="UTF-8"?>
<!-- Generated by org.testng.reporters.JUnitXMLReporter -->
<testsuite hostname="DESKTOP-OAEFISL" ignored="0" name="1" tests="14" failures="0" timestamp="01 Jun 2018 18:12:47 GMT" time="511.29" errors="0">
  <testcase name="EmpsSetup_WithNICategory" time="134.901" classname="com.test.xcdhr.Salesforce_Core_Framework1.hrms_payroll.NI_TwoweeklyCatZ.NI2WeeklyCat_Z"/>
  <testcase name="EmpsSetup_WithNICategory" time="18.11" classname="com.test.xcdhr.Salesforce_Core_Framework1.hrms_payroll.NI_TwoweeklyCatZ.NI2WeeklyCat_Z"/>
  <testcase name="EmpsSetup_WithNICategory" time="17.89" classname="com.test.xcdhr.Salesforce_Core_Framework1.hrms_payroll.NI_TwoweeklyCatZ.NI2WeeklyCat_Z"/>
  <testcase name="EmpsSetup_WithNICategory" time="18.286" classname="com.test.xcdhr.Salesforce_Core_Framework1.hrms_payroll.NI_TwoweeklyCatZ.NI2WeeklyCat_Z"/>
  <testcase name="EmpsSetup_WithNICategory" time="18.307" classname="com.test.xcdhr.Salesforce_Core_Framework1.hrms_payroll.NI_TwoweeklyCatZ.NI2WeeklyCat_Z"/>
  <testcase name="EmpsSetup_WithNICategory" time="18.494" classname="com.test.xcdhr.Salesforce_Core_Framework1.hrms_payroll.NI_TwoweeklyCatZ.NI2WeeklyCat_Z"/>
  <testcase name="EmpsSetup_WithNICategory" time="18.409" classname="com.test.xcdhr.Salesforce_Core_Framework1.hrms_payroll.NI_TwoweeklyCatZ.NI2WeeklyCat_Z"/>
  <testcase name="EmpsSetup_WithAnnualSalary" time="80.62" classname="com.test.xcdhr.Salesforce_Core_Framework1.hrms_payroll.NI_TwoweeklyCatZ.NI2WeeklyCat_Z"/>
  <testcase name="EmpsSetup_WithAnnualSalary" time="23.535" classname="com.test.xcdhr.Salesforce_Core_Framework1.hrms_payroll.NI_TwoweeklyCatZ.NI2WeeklyCat_Z"/>
  <testcase name="EmpsSetup_WithAnnualSalary" time="23.758" classname="com.test.xcdhr.Salesforce_Core_Framework1.hrms_payroll.NI_TwoweeklyCatZ.NI2WeeklyCat_Z"/>
  <testcase name="EmpsSetup_WithAnnualSalary" time="23.85" classname="com.test.xcdhr.Salesforce_Core_Framework1.hrms_payroll.NI_TwoweeklyCatZ.NI2WeeklyCat_Z"/>
  <testcase name="EmpsSetup_WithAnnualSalary" time="24.451" classname="com.test.xcdhr.Salesforce_Core_Framework1.hrms_payroll.NI_TwoweeklyCatZ.NI2WeeklyCat_Z"/>
  <testcase name="EmpsSetup_WithAnnualSalary" time="23.774" classname="com.test.xcdhr.Salesforce_Core_Framework1.hrms_payroll.NI_TwoweeklyCatZ.NI2WeeklyCat_Z"/>
  <testcase name="EmpsSetup_WithAnnualSalary" time="23.959" classname="com.test.xcdhr.Salesforce_Core_Framework1.hrms_payroll.NI_TwoweeklyCatZ.NI2WeeklyCat_Z"/>
</testsuite> <!-- 1 -->
