<?xml version="1.0" encoding="UTF-8"?>
<!-- Generated by org.testng.reporters.JUnitXMLReporter -->
<testsuite hostname="DESKTOP-OAEFISL" ignored="0" name="1" tests="14" failures="0" timestamp="07 Mar 2018 11:01:01 GMT" time="707.562" errors="0">
  <testcase name="EmpsSetup_WithNICategory" time="90.434" classname="com.test.xcdhr.Salesforce_Core_Framework1.hrms_payroll.NI_MonthlyCatM.NIMonthlyCat_M"/>
  <testcase name="EmpsSetup_WithNICategory" time="29.513" classname="com.test.xcdhr.Salesforce_Core_Framework1.hrms_payroll.NI_MonthlyCatM.NIMonthlyCat_M"/>
  <testcase name="EmpsSetup_WithNICategory" time="29.35" classname="com.test.xcdhr.Salesforce_Core_Framework1.hrms_payroll.NI_MonthlyCatM.NIMonthlyCat_M"/>
  <testcase name="EmpsSetup_WithNICategory" time="29.033" classname="com.test.xcdhr.Salesforce_Core_Framework1.hrms_payroll.NI_MonthlyCatM.NIMonthlyCat_M"/>
  <testcase name="EmpsSetup_WithNICategory" time="29.369" classname="com.test.xcdhr.Salesforce_Core_Framework1.hrms_payroll.NI_MonthlyCatM.NIMonthlyCat_M"/>
  <testcase name="EmpsSetup_WithNICategory" time="29.405" classname="com.test.xcdhr.Salesforce_Core_Framework1.hrms_payroll.NI_MonthlyCatM.NIMonthlyCat_M"/>
  <testcase name="EmpsSetup_WithNICategory" time="29.826" classname="com.test.xcdhr.Salesforce_Core_Framework1.hrms_payroll.NI_MonthlyCatM.NIMonthlyCat_M"/>
  <testcase name="EmpsSetup_WithAnnualSalary" time="113.692" classname="com.test.xcdhr.Salesforce_Core_Framework1.hrms_payroll.NI_MonthlyCatM.NIMonthlyCat_M"/>
  <testcase name="EmpsSetup_WithAnnualSalary" time="49.004" classname="com.test.xcdhr.Salesforce_Core_Framework1.hrms_payroll.NI_MonthlyCatM.NIMonthlyCat_M"/>
  <testcase name="EmpsSetup_WithAnnualSalary" time="50.134" classname="com.test.xcdhr.Salesforce_Core_Framework1.hrms_payroll.NI_MonthlyCatM.NIMonthlyCat_M"/>
  <testcase name="EmpsSetup_WithAnnualSalary" time="49.451" classname="com.test.xcdhr.Salesforce_Core_Framework1.hrms_payroll.NI_MonthlyCatM.NIMonthlyCat_M"/>
  <testcase name="EmpsSetup_WithAnnualSalary" time="49.473" classname="com.test.xcdhr.Salesforce_Core_Framework1.hrms_payroll.NI_MonthlyCatM.NIMonthlyCat_M"/>
  <testcase name="EmpsSetup_WithAnnualSalary" time="51.386" classname="com.test.xcdhr.Salesforce_Core_Framework1.hrms_payroll.NI_MonthlyCatM.NIMonthlyCat_M"/>
  <testcase name="EmpsSetup_WithAnnualSalary" time="49.841" classname="com.test.xcdhr.Salesforce_Core_Framework1.hrms_payroll.NI_MonthlyCatM.NIMonthlyCat_M"/>
</testsuite> <!-- 1 -->
