<?xml version="1.0" encoding="UTF-8"?>
<!-- Generated by org.testng.reporters.JUnitXMLReporter -->
<testsuite hostname="DESKTOP-OAEFISL" ignored="0" name="1" tests="10" failures="0" timestamp="20 Dec 2017 11:57:43 GMT" time="376.882" errors="0">
  <testcase name="EmpsSetup_WithNICategory" time="71.181" classname="com.test.xcdhr.Salesforce_Core_Framework1.hrms_payroll.NI_MonthlyCatC.NIMonthlyCat_C"/>
  <testcase name="EmpsSetup_WithNICategory" time="20.556" classname="com.test.xcdhr.Salesforce_Core_Framework1.hrms_payroll.NI_MonthlyCatC.NIMonthlyCat_C"/>
  <testcase name="EmpsSetup_WithNICategory" time="20.703" classname="com.test.xcdhr.Salesforce_Core_Framework1.hrms_payroll.NI_MonthlyCatC.NIMonthlyCat_C"/>
  <testcase name="EmpsSetup_WithNICategory" time="20.677" classname="com.test.xcdhr.Salesforce_Core_Framework1.hrms_payroll.NI_MonthlyCatC.NIMonthlyCat_C"/>
  <testcase name="EmpsSetup_WithNICategory" time="20.371" classname="com.test.xcdhr.Salesforce_Core_Framework1.hrms_payroll.NI_MonthlyCatC.NIMonthlyCat_C"/>
  <testcase name="EmpsSetup_WithAnnualSalary" time="75.634" classname="com.test.xcdhr.Salesforce_Core_Framework1.hrms_payroll.NI_MonthlyCatC.NIMonthlyCat_C"/>
  <testcase name="EmpsSetup_WithAnnualSalary" time="29.445" classname="com.test.xcdhr.Salesforce_Core_Framework1.hrms_payroll.NI_MonthlyCatC.NIMonthlyCat_C"/>
  <testcase name="EmpsSetup_WithAnnualSalary" time="29.14" classname="com.test.xcdhr.Salesforce_Core_Framework1.hrms_payroll.NI_MonthlyCatC.NIMonthlyCat_C"/>
  <testcase name="EmpsSetup_WithAnnualSalary" time="29.603" classname="com.test.xcdhr.Salesforce_Core_Framework1.hrms_payroll.NI_MonthlyCatC.NIMonthlyCat_C"/>
  <testcase name="EmpsSetup_WithAnnualSalary" time="29.177" classname="com.test.xcdhr.Salesforce_Core_Framework1.hrms_payroll.NI_MonthlyCatC.NIMonthlyCat_C"/>
</testsuite> <!-- 1 -->
